{"/Users/ondrej/dev/www/point-of-sale-app/src/components/modals/ConfirmModal.jsx": {"path":"/Users/ondrej/dev/www/point-of-sale-app/src/components/modals/ConfirmModal.jsx","statementMap":{"0":{"start":{"line":3,"column":21},"end":{"line":24,"column":null}},"1":{"start":{"line":4,"column":2},"end":{"line":22,"column":null}}},"fnMap":{"0":{"name":"(anonymous_0)","decl":{"start":{"line":3,"column":21},"end":{"line":3,"column":22}},"loc":{"start":{"line":3,"column":59},"end":{"line":24,"column":null}},"line":3}},"branchMap":{},"s":{"0":0,"1":0},"f":{"0":0},"b":{},"meta":{"lastBranch":0,"lastFunction":1,"lastStatement":2,"seen":{"s:3:21:24:Infinity":0,"f:3:21:3:22":0,"s:4:2:22:Infinity":1}}}
,"/Users/ondrej/dev/www/point-of-sale-app/src/components/modals/PasswordModal.jsx": {"path":"/Users/ondrej/dev/www/point-of-sale-app/src/components/modals/PasswordModal.jsx","statementMap":{"0":{"start":{"line":4,"column":22},"end":{"line":83,"column":null}},"1":{"start":{"line":5,"column":30},"end":{"line":5,"column":null}},"2":{"start":{"line":6,"column":24},"end":{"line":6,"column":null}},"3":{"start":{"line":7,"column":38},"end":{"line":7,"column":null}},"4":{"start":{"line":8,"column":8},"end":{"line":8,"column":null}},"5":{"start":{"line":11,"column":2},"end":{"line":15,"column":null}},"6":{"start":{"line":12,"column":4},"end":{"line":14,"column":null}},"7":{"start":{"line":13,"column":6},"end":{"line":13,"column":null}},"8":{"start":{"line":17,"column":23},"end":{"line":35,"column":null}},"9":{"start":{"line":18,"column":4},"end":{"line":18,"column":null}},"10":{"start":{"line":19,"column":4},"end":{"line":19,"column":null}},"11":{"start":{"line":20,"column":4},"end":{"line":20,"column":null}},"12":{"start":{"line":22,"column":19},"end":{"line":22,"column":null}},"13":{"start":{"line":24,"column":4},"end":{"line":33,"column":null}},"14":{"start":{"line":25,"column":6},"end":{"line":25,"column":null}},"15":{"start":{"line":26,"column":6},"end":{"line":26,"column":null}},"16":{"start":{"line":27,"column":6},"end":{"line":27,"column":null}},"17":{"start":{"line":30,"column":6},"end":{"line":32,"column":null}},"18":{"start":{"line":31,"column":8},"end":{"line":31,"column":null}},"19":{"start":{"line":37,"column":25},"end":{"line":41,"column":null}},"20":{"start":{"line":38,"column":4},"end":{"line":40,"column":null}},"21":{"start":{"line":39,"column":6},"end":{"line":39,"column":null}},"22":{"start":{"line":43,"column":2},"end":{"line":81,"column":null}},"23":{"start":{"line":61,"column":33},"end":{"line":61,"column":null}}},"fnMap":{"0":{"name":"(anonymous_0)","decl":{"start":{"line":4,"column":22},"end":{"line":4,"column":23}},"loc":{"start":{"line":4,"column":40},"end":{"line":83,"column":null}},"line":4},"1":{"name":"(anonymous_1)","decl":{"start":{"line":11,"column":12},"end":{"line":11,"column":18}},"loc":{"start":{"line":11,"column":18},"end":{"line":15,"column":5}},"line":11},"2":{"name":"(anonymous_2)","decl":{"start":{"line":17,"column":23},"end":{"line":17,"column":30}},"loc":{"start":{"line":17,"column":36},"end":{"line":35,"column":null}},"line":17},"3":{"name":"(anonymous_3)","decl":{"start":{"line":30,"column":17},"end":{"line":30,"column":23}},"loc":{"start":{"line":30,"column":23},"end":{"line":32,"column":9}},"line":30},"4":{"name":"(anonymous_4)","decl":{"start":{"line":37,"column":25},"end":{"line":37,"column":26}},"loc":{"start":{"line":37,"column":32},"end":{"line":41,"column":null}},"line":37},"5":{"name":"(anonymous_5)","decl":{"start":{"line":61,"column":26},"end":{"line":61,"column":27}},"loc":{"start":{"line":61,"column":33},"end":{"line":61,"column":null}},"line":61}},"branchMap":{"0":{"loc":{"start":{"line":12,"column":4},"end":{"line":14,"column":null}},"type":"if","locations":[{"start":{"line":12,"column":4},"end":{"line":14,"column":null}},{"start":{},"end":{}}],"line":12},"1":{"loc":{"start":{"line":24,"column":4},"end":{"line":33,"column":null}},"type":"if","locations":[{"start":{"line":24,"column":4},"end":{"line":33,"column":null}},{"start":{},"end":{}}],"line":24},"2":{"loc":{"start":{"line":38,"column":4},"end":{"line":40,"column":null}},"type":"if","locations":[{"start":{"line":38,"column":4},"end":{"line":40,"column":null}},{"start":{},"end":{}}],"line":38},"3":{"loc":{"start":{"line":57,"column":36},"end":{"line":57,"column":60}},"type":"cond-expr","locations":[{"start":{"line":57,"column":44},"end":{"line":57,"column":58}},{"start":{"line":57,"column":58},"end":{"line":57,"column":60}}],"line":57},"4":{"loc":{"start":{"line":66,"column":13},"end":{"line":67,"column":null}},"type":"binary-expr","locations":[{"start":{"line":66,"column":13},"end":{"line":66,"column":null}},{"start":{"line":67,"column":14},"end":{"line":67,"column":null}}],"line":66},"5":{"loc":{"start":{"line":75,"column":22},"end":{"line":75,"column":null}},"type":"binary-expr","locations":[{"start":{"line":75,"column":22},"end":{"line":75,"column":38}},{"start":{"line":75,"column":38},"end":{"line":75,"column":null}}],"line":75},"6":{"loc":{"start":{"line":77,"column":13},"end":{"line":77,"column":null}},"type":"cond-expr","locations":[{"start":{"line":77,"column":28},"end":{"line":77,"column":48}},{"start":{"line":77,"column":48},"end":{"line":77,"column":null}}],"line":77}},"s":{"0":0,"1":0,"2":0,"3":0,"4":0,"5":0,"6":0,"7":0,"8":0,"9":0,"10":0,"11":0,"12":0,"13":0,"14":0,"15":0,"16":0,"17":0,"18":0,"19":0,"20":0,"21":0,"22":0,"23":0},"f":{"0":0,"1":0,"2":0,"3":0,"4":0,"5":0},"b":{"0":[0,0],"1":[0,0],"2":[0,0],"3":[0,0],"4":[0,0],"5":[0,0],"6":[0,0]},"meta":{"lastBranch":7,"lastFunction":6,"lastStatement":24,"seen":{"s:4:22:83:Infinity":0,"f:4:22:4:23":0,"s:5:30:5:Infinity":1,"s:6:24:6:Infinity":2,"s:7:38:7:Infinity":3,"s:8:8:8:Infinity":4,"s:11:2:15:Infinity":5,"f:11:12:11:18":1,"b:12:4:14:Infinity:undefined:undefined:undefined:undefined":0,"s:12:4:14:Infinity":6,"s:13:6:13:Infinity":7,"s:17:23:35:Infinity":8,"f:17:23:17:30":2,"s:18:4:18:Infinity":9,"s:19:4:19:Infinity":10,"s:20:4:20:Infinity":11,"s:22:19:22:Infinity":12,"b:24:4:33:Infinity:undefined:undefined:undefined:undefined":1,"s:24:4:33:Infinity":13,"s:25:6:25:Infinity":14,"s:26:6:26:Infinity":15,"s:27:6:27:Infinity":16,"s:30:6:32:Infinity":17,"f:30:17:30:23":3,"s:31:8:31:Infinity":18,"s:37:25:41:Infinity":19,"f:37:25:37:26":4,"b:38:4:40:Infinity:undefined:undefined:undefined:undefined":2,"s:38:4:40:Infinity":20,"s:39:6:39:Infinity":21,"s:43:2:81:Infinity":22,"b:57:44:57:58:57:58:57:60":3,"f:61:26:61:27":5,"s:61:33:61:Infinity":23,"b:66:13:66:Infinity:67:14:67:Infinity":4,"b:75:22:75:38:75:38:75:Infinity":5,"b:77:28:77:48:77:48:77:Infinity":6}}}
,"/Users/ondrej/dev/www/point-of-sale-app/src/components/modals/PaymentConfirmModal.jsx": {"path":"/Users/ondrej/dev/www/point-of-sale-app/src/components/modals/PaymentConfirmModal.jsx","statementMap":{"0":{"start":{"line":3,"column":28},"end":{"line":57,"column":null}},"1":{"start":{"line":5,"column":2},"end":{"line":18,"column":null}},"2":{"start":{"line":6,"column":26},"end":{"line":14,"column":null}},"3":{"start":{"line":7,"column":6},"end":{"line":13,"column":null}},"4":{"start":{"line":8,"column":8},"end":{"line":8,"column":null}},"5":{"start":{"line":9,"column":8},"end":{"line":9,"column":null}},"6":{"start":{"line":10,"column":6},"end":{"line":13,"column":null}},"7":{"start":{"line":11,"column":8},"end":{"line":11,"column":null}},"8":{"start":{"line":12,"column":8},"end":{"line":12,"column":null}},"9":{"start":{"line":16,"column":4},"end":{"line":16,"column":null}},"10":{"start":{"line":17,"column":4},"end":{"line":17,"column":null}},"11":{"start":{"line":17,"column":17},"end":{"line":17,"column":null}},"12":{"start":{"line":21,"column":22},"end":{"line":21,"column":null}},"13":{"start":{"line":22,"column":21},"end":{"line":22,"column":null}},"14":{"start":{"line":24,"column":2},"end":{"line":55,"column":null}}},"fnMap":{"0":{"name":"(anonymous_0)","decl":{"start":{"line":3,"column":28},"end":{"line":3,"column":29}},"loc":{"start":{"line":3,"column":99},"end":{"line":57,"column":null}},"line":3},"1":{"name":"(anonymous_1)","decl":{"start":{"line":5,"column":12},"end":{"line":5,"column":18}},"loc":{"start":{"line":5,"column":18},"end":{"line":18,"column":5}},"line":5},"2":{"name":"(anonymous_2)","decl":{"start":{"line":6,"column":26},"end":{"line":6,"column":27}},"loc":{"start":{"line":6,"column":33},"end":{"line":14,"column":null}},"line":6},"3":{"name":"(anonymous_3)","decl":{"start":{"line":17,"column":11},"end":{"line":17,"column":17}},"loc":{"start":{"line":17,"column":17},"end":{"line":17,"column":null}},"line":17}},"branchMap":{"0":{"loc":{"start":{"line":3,"column":60},"end":{"line":3,"column":93}},"type":"default-arg","locations":[{"start":{"line":3,"column":70},"end":{"line":3,"column":93}}],"line":3},"1":{"loc":{"start":{"line":7,"column":6},"end":{"line":13,"column":null}},"type":"if","locations":[{"start":{"line":7,"column":6},"end":{"line":13,"column":null}},{"start":{"line":10,"column":6},"end":{"line":13,"column":null}}],"line":7},"2":{"loc":{"start":{"line":10,"column":6},"end":{"line":13,"column":null}},"type":"if","locations":[{"start":{"line":10,"column":6},"end":{"line":13,"column":null}},{"start":{},"end":{}}],"line":10},"3":{"loc":{"start":{"line":36,"column":58},"end":{"line":36,"column":109}},"type":"cond-expr","locations":[{"start":{"line":36,"column":71},"end":{"line":36,"column":91}},{"start":{"line":36,"column":91},"end":{"line":36,"column":109}}],"line":36}},"s":{"0":0,"1":0,"2":0,"3":0,"4":0,"5":0,"6":0,"7":0,"8":0,"9":0,"10":0,"11":0,"12":0,"13":0,"14":0},"f":{"0":0,"1":0,"2":0,"3":0},"b":{"0":[0],"1":[0,0],"2":[0,0],"3":[0,0]},"meta":{"lastBranch":4,"lastFunction":4,"lastStatement":15,"seen":{"s:3:28:57:Infinity":0,"f:3:28:3:29":0,"b:3:70:3:93":0,"s:5:2:18:Infinity":1,"f:5:12:5:18":1,"s:6:26:14:Infinity":2,"f:6:26:6:27":2,"b:7:6:13:Infinity:10:6:13:Infinity":1,"s:7:6:13:Infinity":3,"s:8:8:8:Infinity":4,"s:9:8:9:Infinity":5,"b:10:6:13:Infinity:undefined:undefined:undefined:undefined":2,"s:10:6:13:Infinity":6,"s:11:8:11:Infinity":7,"s:12:8:12:Infinity":8,"s:16:4:16:Infinity":9,"s:17:4:17:Infinity":10,"f:17:11:17:17":3,"s:17:17:17:Infinity":11,"s:21:22:21:Infinity":12,"s:22:21:22:Infinity":13,"s:24:2:55:Infinity":14,"b:36:71:36:91:36:91:36:109":3}}}
,"/Users/ondrej/dev/www/point-of-sale-app/src/components/modals/PaymentQRCode.jsx": {"path":"/Users/ondrej/dev/www/point-of-sale-app/src/components/modals/PaymentQRCode.jsx","statementMap":{"0":{"start":{"line":5,"column":22},"end":{"line":71,"column":null}},"1":{"start":{"line":6,"column":8},"end":{"line":6,"column":null}},"2":{"start":{"line":8,"column":2},"end":{"line":30,"column":null}},"3":{"start":{"line":9,"column":4},"end":{"line":29,"column":null}},"4":{"start":{"line":10,"column":12},"end":{"line":10,"column":null}},"5":{"start":{"line":12,"column":6},"end":{"line":28,"column":null}},"6":{"start":{"line":24,"column":10},"end":{"line":26,"column":null}},"7":{"start":{"line":25,"column":12},"end":{"line":25,"column":null}},"8":{"start":{"line":32,"column":2},"end":{"line":69,"column":null}}},"fnMap":{"0":{"name":"(anonymous_0)","decl":{"start":{"line":5,"column":22},"end":{"line":5,"column":23}},"loc":{"start":{"line":5,"column":60},"end":{"line":71,"column":null}},"line":5},"1":{"name":"(anonymous_1)","decl":{"start":{"line":8,"column":12},"end":{"line":8,"column":18}},"loc":{"start":{"line":8,"column":18},"end":{"line":30,"column":5}},"line":8},"2":{"name":"(anonymous_2)","decl":{"start":{"line":23,"column":8},"end":{"line":23,"column":9}},"loc":{"start":{"line":23,"column":19},"end":{"line":27,"column":null}},"line":23}},"branchMap":{"0":{"loc":{"start":{"line":9,"column":4},"end":{"line":29,"column":null}},"type":"if","locations":[{"start":{"line":9,"column":4},"end":{"line":29,"column":null}},{"start":{},"end":{}}],"line":9},"1":{"loc":{"start":{"line":9,"column":8},"end":{"line":9,"column":41}},"type":"binary-expr","locations":[{"start":{"line":9,"column":8},"end":{"line":9,"column":29}},{"start":{"line":9,"column":29},"end":{"line":9,"column":41}}],"line":9},"2":{"loc":{"start":{"line":24,"column":10},"end":{"line":26,"column":null}},"type":"if","locations":[{"start":{"line":24,"column":10},"end":{"line":26,"column":null}},{"start":{},"end":{}}],"line":24}},"s":{"0":0,"1":0,"2":0,"3":0,"4":0,"5":0,"6":0,"7":0,"8":0},"f":{"0":0,"1":0,"2":0},"b":{"0":[0,0],"1":[0,0],"2":[0,0]},"meta":{"lastBranch":3,"lastFunction":3,"lastStatement":9,"seen":{"s:5:22:71:Infinity":0,"f:5:22:5:23":0,"s:6:8:6:Infinity":1,"s:8:2:30:Infinity":2,"f:8:12:8:18":1,"b:9:4:29:Infinity:undefined:undefined:undefined:undefined":0,"s:9:4:29:Infinity":3,"b:9:8:9:29:9:29:9:41":1,"s:10:12:10:Infinity":4,"s:12:6:28:Infinity":5,"f:23:8:23:9":2,"b:24:10:26:Infinity:undefined:undefined:undefined:undefined":2,"s:24:10:26:Infinity":6,"s:25:12:25:Infinity":7,"s:32:2:69:Infinity":8}}}
,"/Users/ondrej/dev/www/point-of-sale-app/src/components/modals/PurgeConfirmModal.jsx": {"path":"/Users/ondrej/dev/www/point-of-sale-app/src/components/modals/PurgeConfirmModal.jsx","statementMap":{"0":{"start":{"line":7,"column":14},"end":{"line":13,"column":null}},"1":{"start":{"line":15,"column":26},"end":{"line":333,"column":null}},"2":{"start":{"line":16,"column":36},"end":{"line":16,"column":null}},"3":{"start":{"line":17,"column":30},"end":{"line":17,"column":null}},"4":{"start":{"line":18,"column":40},"end":{"line":18,"column":null}},"5":{"start":{"line":19,"column":34},"end":{"line":19,"column":null}},"6":{"start":{"line":20,"column":24},"end":{"line":20,"column":null}},"7":{"start":{"line":21,"column":46},"end":{"line":21,"column":null}},"8":{"start":{"line":22,"column":38},"end":{"line":22,"column":null}},"9":{"start":{"line":23,"column":8},"end":{"line":23,"column":null}},"10":{"start":{"line":26,"column":2},"end":{"line":30,"column":null}},"11":{"start":{"line":27,"column":4},"end":{"line":29,"column":null}},"12":{"start":{"line":28,"column":6},"end":{"line":28,"column":null}},"13":{"start":{"line":33,"column":31},"end":{"line":57,"column":null}},"14":{"start":{"line":34,"column":4},"end":{"line":34,"column":null}},"15":{"start":{"line":35,"column":4},"end":{"line":35,"column":null}},"16":{"start":{"line":37,"column":4},"end":{"line":56,"column":null}},"17":{"start":{"line":38,"column":29},"end":{"line":38,"column":null}},"18":{"start":{"line":40,"column":6},"end":{"line":51,"column":null}},"19":{"start":{"line":42,"column":8},"end":{"line":42,"column":null}},"20":{"start":{"line":44,"column":8},"end":{"line":44,"column":null}},"21":{"start":{"line":45,"column":8},"end":{"line":45,"column":null}},"22":{"start":{"line":48,"column":8},"end":{"line":50,"column":null}},"23":{"start":{"line":49,"column":10},"end":{"line":49,"column":null}},"24":{"start":{"line":53,"column":6},"end":{"line":53,"column":null}},"25":{"start":{"line":55,"column":6},"end":{"line":55,"column":null}},"26":{"start":{"line":60,"column":24},"end":{"line":95,"column":null}},"27":{"start":{"line":61,"column":4},"end":{"line":61,"column":null}},"28":{"start":{"line":61,"column":21},"end":{"line":61,"column":null}},"29":{"start":{"line":63,"column":4},"end":{"line":63,"column":null}},"30":{"start":{"line":64,"column":4},"end":{"line":64,"column":null}},"31":{"start":{"line":67,"column":4},"end":{"line":94,"column":null}},"32":{"start":{"line":68,"column":12},"end":{"line":68,"column":null}},"33":{"start":{"line":69,"column":12},"end":{"line":69,"column":null}},"34":{"start":{"line":70,"column":6},"end":{"line":70,"column":null}},"35":{"start":{"line":71,"column":6},"end":{"line":71,"column":null}},"36":{"start":{"line":74,"column":6},"end":{"line":74,"column":null}},"37":{"start":{"line":74,"column":35},"end":{"line":74,"column":59}},"38":{"start":{"line":77,"column":6},"end":{"line":77,"column":null}},"39":{"start":{"line":79,"column":26},"end":{"line":79,"column":null}},"40":{"start":{"line":80,"column":6},"end":{"line":82,"column":null}},"41":{"start":{"line":81,"column":8},"end":{"line":81,"column":null}},"42":{"start":{"line":84,"column":26},"end":{"line":84,"column":null}},"43":{"start":{"line":85,"column":6},"end":{"line":87,"column":null}},"44":{"start":{"line":86,"column":8},"end":{"line":86,"column":null}},"45":{"start":{"line":90,"column":6},"end":{"line":90,"column":null}},"46":{"start":{"line":92,"column":6},"end":{"line":92,"column":null}},"47":{"start":{"line":93,"column":6},"end":{"line":93,"column":null}},"48":{"start":{"line":98,"column":27},"end":{"line":120,"column":null}},"49":{"start":{"line":99,"column":4},"end":{"line":99,"column":null}},"50":{"start":{"line":100,"column":4},"end":{"line":100,"column":null}},"51":{"start":{"line":101,"column":4},"end":{"line":101,"column":null}},"52":{"start":{"line":103,"column":4},"end":{"line":119,"column":null}},"53":{"start":{"line":104,"column":26},"end":{"line":104,"column":null}},"54":{"start":{"line":105,"column":6},"end":{"line":107,"column":null}},"55":{"start":{"line":106,"column":8},"end":{"line":106,"column":null}},"56":{"start":{"line":109,"column":26},"end":{"line":109,"column":null}},"57":{"start":{"line":110,"column":6},"end":{"line":112,"column":null}},"58":{"start":{"line":111,"column":8},"end":{"line":111,"column":null}},"59":{"start":{"line":114,"column":6},"end":{"line":114,"column":null}},"60":{"start":{"line":116,"column":6},"end":{"line":116,"column":null}},"61":{"start":{"line":118,"column":6},"end":{"line":118,"column":null}},"62":{"start":{"line":123,"column":22},"end":{"line":132,"column":null}},"63":{"start":{"line":124,"column":4},"end":{"line":131,"column":null}},"64":{"start":{"line":125,"column":6},"end":{"line":125,"column":null}},"65":{"start":{"line":126,"column":4},"end":{"line":131,"column":null}},"66":{"start":{"line":128,"column":6},"end":{"line":128,"column":null}},"67":{"start":{"line":130,"column":6},"end":{"line":130,"column":null}},"68":{"start":{"line":134,"column":2},"end":{"line":331,"column":null}},"69":{"start":{"line":170,"column":37},"end":{"line":170,"column":null}},"70":{"start":{"line":171,"column":39},"end":{"line":171,"column":null}},"71":{"start":{"line":199,"column":35},"end":{"line":199,"column":null}}},"fnMap":{"0":{"name":"(anonymous_0)","decl":{"start":{"line":15,"column":26},"end":{"line":15,"column":27}},"loc":{"start":{"line":15,"column":85},"end":{"line":333,"column":null}},"line":15},"1":{"name":"(anonymous_1)","decl":{"start":{"line":26,"column":12},"end":{"line":26,"column":18}},"loc":{"start":{"line":26,"column":18},"end":{"line":30,"column":5}},"line":26},"2":{"name":"(anonymous_2)","decl":{"start":{"line":33,"column":31},"end":{"line":33,"column":43}},"loc":{"start":{"line":33,"column":43},"end":{"line":57,"column":null}},"line":33},"3":{"name":"(anonymous_3)","decl":{"start":{"line":48,"column":19},"end":{"line":48,"column":25}},"loc":{"start":{"line":48,"column":25},"end":{"line":50,"column":11}},"line":48},"4":{"name":"(anonymous_4)","decl":{"start":{"line":60,"column":24},"end":{"line":60,"column":36}},"loc":{"start":{"line":60,"column":36},"end":{"line":95,"column":null}},"line":60},"5":{"name":"(anonymous_5)","decl":{"start":{"line":74,"column":24},"end":{"line":74,"column":35}},"loc":{"start":{"line":74,"column":35},"end":{"line":74,"column":59}},"line":74},"6":{"name":"(anonymous_6)","decl":{"start":{"line":98,"column":27},"end":{"line":98,"column":39}},"loc":{"start":{"line":98,"column":39},"end":{"line":120,"column":null}},"line":98},"7":{"name":"(anonymous_7)","decl":{"start":{"line":123,"column":22},"end":{"line":123,"column":28}},"loc":{"start":{"line":123,"column":28},"end":{"line":132,"column":null}},"line":123},"8":{"name":"(anonymous_8)","decl":{"start":{"line":170,"column":30},"end":{"line":170,"column":31}},"loc":{"start":{"line":170,"column":37},"end":{"line":170,"column":null}},"line":170},"9":{"name":"(anonymous_9)","decl":{"start":{"line":171,"column":32},"end":{"line":171,"column":33}},"loc":{"start":{"line":171,"column":39},"end":{"line":171,"column":null}},"line":171},"10":{"name":"(anonymous_10)","decl":{"start":{"line":199,"column":28},"end":{"line":199,"column":29}},"loc":{"start":{"line":199,"column":35},"end":{"line":199,"column":null}},"line":199}},"branchMap":{"0":{"loc":{"start":{"line":27,"column":4},"end":{"line":29,"column":null}},"type":"if","locations":[{"start":{"line":27,"column":4},"end":{"line":29,"column":null}},{"start":{},"end":{}}],"line":27},"1":{"loc":{"start":{"line":27,"column":8},"end":{"line":27,"column":74}},"type":"binary-expr","locations":[{"start":{"line":27,"column":8},"end":{"line":27,"column":48}},{"start":{"line":27,"column":48},"end":{"line":27,"column":74}}],"line":27},"2":{"loc":{"start":{"line":40,"column":6},"end":{"line":51,"column":null}},"type":"if","locations":[{"start":{"line":40,"column":6},"end":{"line":51,"column":null}},{"start":{"line":43,"column":13},"end":{"line":51,"column":null}}],"line":40},"3":{"loc":{"start":{"line":61,"column":4},"end":{"line":61,"column":null}},"type":"if","locations":[{"start":{"line":61,"column":4},"end":{"line":61,"column":null}},{"start":{},"end":{}}],"line":61},"4":{"loc":{"start":{"line":80,"column":6},"end":{"line":82,"column":null}},"type":"if","locations":[{"start":{"line":80,"column":6},"end":{"line":82,"column":null}},{"start":{},"end":{}}],"line":80},"5":{"loc":{"start":{"line":81,"column":24},"end":{"line":81,"column":77}},"type":"binary-expr","locations":[{"start":{"line":81,"column":24},"end":{"line":81,"column":45}},{"start":{"line":81,"column":45},"end":{"line":81,"column":77}}],"line":81},"6":{"loc":{"start":{"line":85,"column":6},"end":{"line":87,"column":null}},"type":"if","locations":[{"start":{"line":85,"column":6},"end":{"line":87,"column":null}},{"start":{},"end":{}}],"line":85},"7":{"loc":{"start":{"line":86,"column":24},"end":{"line":86,"column":87}},"type":"binary-expr","locations":[{"start":{"line":86,"column":24},"end":{"line":86,"column":45}},{"start":{"line":86,"column":45},"end":{"line":86,"column":87}}],"line":86},"8":{"loc":{"start":{"line":92,"column":15},"end":{"line":92,"column":65}},"type":"binary-expr","locations":[{"start":{"line":92,"column":15},"end":{"line":92,"column":30}},{"start":{"line":92,"column":30},"end":{"line":92,"column":65}}],"line":92},"9":{"loc":{"start":{"line":105,"column":6},"end":{"line":107,"column":null}},"type":"if","locations":[{"start":{"line":105,"column":6},"end":{"line":107,"column":null}},{"start":{},"end":{}}],"line":105},"10":{"loc":{"start":{"line":106,"column":24},"end":{"line":106,"column":77}},"type":"binary-expr","locations":[{"start":{"line":106,"column":24},"end":{"line":106,"column":45}},{"start":{"line":106,"column":45},"end":{"line":106,"column":77}}],"line":106},"11":{"loc":{"start":{"line":110,"column":6},"end":{"line":112,"column":null}},"type":"if","locations":[{"start":{"line":110,"column":6},"end":{"line":112,"column":null}},{"start":{},"end":{}}],"line":110},"12":{"loc":{"start":{"line":111,"column":24},"end":{"line":111,"column":87}},"type":"binary-expr","locations":[{"start":{"line":111,"column":24},"end":{"line":111,"column":45}},{"start":{"line":111,"column":45},"end":{"line":111,"column":87}}],"line":111},"13":{"loc":{"start":{"line":116,"column":15},"end":{"line":116,"column":65}},"type":"binary-expr","locations":[{"start":{"line":116,"column":15},"end":{"line":116,"column":30}},{"start":{"line":116,"column":30},"end":{"line":116,"column":65}}],"line":116},"14":{"loc":{"start":{"line":124,"column":4},"end":{"line":131,"column":null}},"type":"if","locations":[{"start":{"line":124,"column":4},"end":{"line":131,"column":null}},{"start":{"line":126,"column":4},"end":{"line":131,"column":null}}],"line":124},"15":{"loc":{"start":{"line":126,"column":4},"end":{"line":131,"column":null}},"type":"if","locations":[{"start":{"line":126,"column":4},"end":{"line":131,"column":null}},{"start":{"line":129,"column":11},"end":{"line":131,"column":null}}],"line":126},"16":{"loc":{"start":{"line":126,"column":15},"end":{"line":126,"column":83}},"type":"binary-expr","locations":[{"start":{"line":126,"column":15},"end":{"line":126,"column":52}},{"start":{"line":126,"column":52},"end":{"line":126,"column":83}}],"line":126},"17":{"loc":{"start":{"line":140,"column":13},"end":{"line":140,"column":null}},"type":"binary-expr","locations":[{"start":{"line":140,"column":13},"end":{"line":140,"column":53}},{"start":{"line":140,"column":53},"end":{"line":140,"column":null}}],"line":140},"18":{"loc":{"start":{"line":141,"column":13},"end":{"line":141,"column":null}},"type":"binary-expr","locations":[{"start":{"line":141,"column":13},"end":{"line":141,"column":51}},{"start":{"line":141,"column":51},"end":{"line":141,"column":null}}],"line":141},"19":{"loc":{"start":{"line":142,"column":13},"end":{"line":142,"column":null}},"type":"binary-expr","locations":[{"start":{"line":142,"column":13},"end":{"line":142,"column":50}},{"start":{"line":142,"column":50},"end":{"line":142,"column":null}}],"line":142},"20":{"loc":{"start":{"line":143,"column":13},"end":{"line":143,"column":null}},"type":"binary-expr","locations":[{"start":{"line":143,"column":13},"end":{"line":143,"column":46}},{"start":{"line":143,"column":46},"end":{"line":143,"column":null}}],"line":143},"21":{"loc":{"start":{"line":144,"column":13},"end":{"line":144,"column":null}},"type":"binary-expr","locations":[{"start":{"line":144,"column":13},"end":{"line":144,"column":46}},{"start":{"line":144,"column":46},"end":{"line":144,"column":null}}],"line":144},"22":{"loc":{"start":{"line":146,"column":11},"end":{"line":151,"column":null}},"type":"binary-expr","locations":[{"start":{"line":146,"column":11},"end":{"line":146,"column":48}},{"start":{"line":146,"column":48},"end":{"line":146,"column":null}},{"start":{"line":147,"column":12},"end":{"line":151,"column":null}}],"line":146},"23":{"loc":{"start":{"line":157,"column":11},"end":{"line":179,"column":null}},"type":"binary-expr","locations":[{"start":{"line":157,"column":11},"end":{"line":157,"column":null}},{"start":{"line":158,"column":12},"end":{"line":179,"column":null}}],"line":157},"24":{"loc":{"start":{"line":166,"column":40},"end":{"line":166,"column":72}},"type":"cond-expr","locations":[{"start":{"line":166,"column":56},"end":{"line":166,"column":70}},{"start":{"line":166,"column":70},"end":{"line":166,"column":72}}],"line":166},"25":{"loc":{"start":{"line":171,"column":39},"end":{"line":171,"column":null}},"type":"binary-expr","locations":[{"start":{"line":171,"column":39},"end":{"line":171,"column":60}},{"start":{"line":171,"column":60},"end":{"line":171,"column":null}}],"line":171},"26":{"loc":{"start":{"line":175,"column":17},"end":{"line":176,"column":null}},"type":"binary-expr","locations":[{"start":{"line":175,"column":17},"end":{"line":175,"column":null}},{"start":{"line":176,"column":18},"end":{"line":176,"column":null}}],"line":175},"27":{"loc":{"start":{"line":183,"column":11},"end":{"line":203,"column":null}},"type":"binary-expr","locations":[{"start":{"line":183,"column":11},"end":{"line":183,"column":null}},{"start":{"line":184,"column":12},"end":{"line":203,"column":null}}],"line":183},"28":{"loc":{"start":{"line":207,"column":11},"end":{"line":216,"column":null}},"type":"binary-expr","locations":[{"start":{"line":207,"column":11},"end":{"line":207,"column":null}},{"start":{"line":208,"column":12},"end":{"line":216,"column":null}}],"line":207},"29":{"loc":{"start":{"line":220,"column":11},"end":{"line":261,"column":null}},"type":"binary-expr","locations":[{"start":{"line":220,"column":11},"end":{"line":220,"column":null}},{"start":{"line":221,"column":12},"end":{"line":261,"column":null}}],"line":220},"30":{"loc":{"start":{"line":222,"column":15},"end":{"line":259,"column":null}},"type":"cond-expr","locations":[{"start":{"line":223,"column":16},"end":{"line":249,"column":null}},{"start":{"line":251,"column":16},"end":{"line":259,"column":null}}],"line":222},"31":{"loc":{"start":{"line":239,"column":23},"end":{"line":239,"column":null}},"type":"cond-expr","locations":[{"start":{"line":239,"column":38},"end":{"line":239,"column":59}},{"start":{"line":239,"column":59},"end":{"line":239,"column":null}}],"line":239},"32":{"loc":{"start":{"line":265,"column":11},"end":{"line":286,"column":null}},"type":"binary-expr","locations":[{"start":{"line":265,"column":11},"end":{"line":265,"column":null}},{"start":{"line":266,"column":12},"end":{"line":286,"column":null}}],"line":265},"33":{"loc":{"start":{"line":292,"column":11},"end":{"line":304,"column":null}},"type":"binary-expr","locations":[{"start":{"line":292,"column":11},"end":{"line":292,"column":null}},{"start":{"line":293,"column":12},"end":{"line":304,"column":null}}],"line":292},"34":{"loc":{"start":{"line":297,"column":26},"end":{"line":297,"column":null}},"type":"binary-expr","locations":[{"start":{"line":297,"column":26},"end":{"line":297,"column":42}},{"start":{"line":297,"column":42},"end":{"line":297,"column":null}}],"line":297},"35":{"loc":{"start":{"line":299,"column":17},"end":{"line":299,"column":null}},"type":"cond-expr","locations":[{"start":{"line":299,"column":32},"end":{"line":299,"column":47}},{"start":{"line":299,"column":47},"end":{"line":299,"column":null}}],"line":299},"36":{"loc":{"start":{"line":308,"column":11},"end":{"line":320,"column":null}},"type":"binary-expr","locations":[{"start":{"line":308,"column":11},"end":{"line":308,"column":null}},{"start":{"line":309,"column":12},"end":{"line":320,"column":null}}],"line":308},"37":{"loc":{"start":{"line":313,"column":26},"end":{"line":313,"column":null}},"type":"binary-expr","locations":[{"start":{"line":313,"column":26},"end":{"line":313,"column":41}},{"start":{"line":313,"column":41},"end":{"line":313,"column":null}}],"line":313},"38":{"loc":{"start":{"line":324,"column":11},"end":{"line":327,"column":null}},"type":"binary-expr","locations":[{"start":{"line":324,"column":11},"end":{"line":324,"column":null}},{"start":{"line":325,"column":12},"end":{"line":327,"column":null}}],"line":324}},"s":{"0":0,"1":0,"2":0,"3":0,"4":0,"5":0,"6":0,"7":0,"8":0,"9":0,"10":0,"11":0,"12":0,"13":0,"14":0,"15":0,"16":0,"17":0,"18":0,"19":0,"20":0,"21":0,"22":0,"23":0,"24":0,"25":0,"26":0,"27":0,"28":0,"29":0,"30":0,"31":0,"32":0,"33":0,"34":0,"35":0,"36":0,"37":0,"38":0,"39":0,"40":0,"41":0,"42":0,"43":0,"44":0,"45":0,"46":0,"47":0,"48":0,"49":0,"50":0,"51":0,"52":0,"53":0,"54":0,"55":0,"56":0,"57":0,"58":0,"59":0,"60":0,"61":0,"62":0,"63":0,"64":0,"65":0,"66":0,"67":0,"68":0,"69":0,"70":0,"71":0},"f":{"0":0,"1":0,"2":0,"3":0,"4":0,"5":0,"6":0,"7":0,"8":0,"9":0,"10":0},"b":{"0":[0,0],"1":[0,0],"2":[0,0],"3":[0,0],"4":[0,0],"5":[0,0],"6":[0,0],"7":[0,0],"8":[0,0],"9":[0,0],"10":[0,0],"11":[0,0],"12":[0,0],"13":[0,0],"14":[0,0],"15":[0,0],"16":[0,0],"17":[0,0],"18":[0,0],"19":[0,0],"20":[0,0],"21":[0,0],"22":[0,0,0],"23":[0,0],"24":[0,0],"25":[0,0],"26":[0,0],"27":[0,0],"28":[0,0],"29":[0,0],"30":[0,0],"31":[0,0],"32":[0,0],"33":[0,0],"34":[0,0],"35":[0,0],"36":[0,0],"37":[0,0],"38":[0,0]},"meta":{"lastBranch":39,"lastFunction":11,"lastStatement":72,"seen":{"s:7:14:13:Infinity":0,"s:15:26:333:Infinity":1,"f:15:26:15:27":0,"s:16:36:16:Infinity":2,"s:17:30:17:Infinity":3,"s:18:40:18:Infinity":4,"s:19:34:19:Infinity":5,"s:20:24:20:Infinity":6,"s:21:46:21:Infinity":7,"s:22:38:22:Infinity":8,"s:23:8:23:Infinity":9,"s:26:2:30:Infinity":10,"f:26:12:26:18":1,"b:27:4:29:Infinity:undefined:undefined:undefined:undefined":0,"s:27:4:29:Infinity":11,"b:27:8:27:48:27:48:27:74":1,"s:28:6:28:Infinity":12,"s:33:31:57:Infinity":13,"f:33:31:33:43":2,"s:34:4:34:Infinity":14,"s:35:4:35:Infinity":15,"s:37:4:56:Infinity":16,"s:38:29:38:Infinity":17,"b:40:6:51:Infinity:43:13:51:Infinity":2,"s:40:6:51:Infinity":18,"s:42:8:42:Infinity":19,"s:44:8:44:Infinity":20,"s:45:8:45:Infinity":21,"s:48:8:50:Infinity":22,"f:48:19:48:25":3,"s:49:10:49:Infinity":23,"s:53:6:53:Infinity":24,"s:55:6:55:Infinity":25,"s:60:24:95:Infinity":26,"f:60:24:60:36":4,"b:61:4:61:Infinity:undefined:undefined:undefined:undefined":3,"s:61:4:61:Infinity":27,"s:61:21:61:Infinity":28,"s:63:4:63:Infinity":29,"s:64:4:64:Infinity":30,"s:67:4:94:Infinity":31,"s:68:12:68:Infinity":32,"s:69:12:69:Infinity":33,"s:70:6:70:Infinity":34,"s:71:6:71:Infinity":35,"s:74:6:74:Infinity":36,"f:74:24:74:35":5,"s:74:35:74:59":37,"s:77:6:77:Infinity":38,"s:79:26:79:Infinity":39,"b:80:6:82:Infinity:undefined:undefined:undefined:undefined":4,"s:80:6:82:Infinity":40,"s:81:8:81:Infinity":41,"b:81:24:81:45:81:45:81:77":5,"s:84:26:84:Infinity":42,"b:85:6:87:Infinity:undefined:undefined:undefined:undefined":6,"s:85:6:87:Infinity":43,"s:86:8:86:Infinity":44,"b:86:24:86:45:86:45:86:87":7,"s:90:6:90:Infinity":45,"s:92:6:92:Infinity":46,"b:92:15:92:30:92:30:92:65":8,"s:93:6:93:Infinity":47,"s:98:27:120:Infinity":48,"f:98:27:98:39":6,"s:99:4:99:Infinity":49,"s:100:4:100:Infinity":50,"s:101:4:101:Infinity":51,"s:103:4:119:Infinity":52,"s:104:26:104:Infinity":53,"b:105:6:107:Infinity:undefined:undefined:undefined:undefined":9,"s:105:6:107:Infinity":54,"s:106:8:106:Infinity":55,"b:106:24:106:45:106:45:106:77":10,"s:109:26:109:Infinity":56,"b:110:6:112:Infinity:undefined:undefined:undefined:undefined":11,"s:110:6:112:Infinity":57,"s:111:8:111:Infinity":58,"b:111:24:111:45:111:45:111:87":12,"s:114:6:114:Infinity":59,"s:116:6:116:Infinity":60,"b:116:15:116:30:116:30:116:65":13,"s:118:6:118:Infinity":61,"s:123:22:132:Infinity":62,"f:123:22:123:28":7,"b:124:4:131:Infinity:126:4:131:Infinity":14,"s:124:4:131:Infinity":63,"s:125:6:125:Infinity":64,"b:126:4:131:Infinity:129:11:131:Infinity":15,"s:126:4:131:Infinity":65,"b:126:15:126:52:126:52:126:83":16,"s:128:6:128:Infinity":66,"s:130:6:130:Infinity":67,"s:134:2:331:Infinity":68,"b:140:13:140:53:140:53:140:Infinity":17,"b:141:13:141:51:141:51:141:Infinity":18,"b:142:13:142:50:142:50:142:Infinity":19,"b:143:13:143:46:143:46:143:Infinity":20,"b:144:13:144:46:144:46:144:Infinity":21,"b:146:11:146:48:146:48:146:Infinity:147:12:151:Infinity":22,"b:157:11:157:Infinity:158:12:179:Infinity":23,"b:166:56:166:70:166:70:166:72":24,"f:170:30:170:31":8,"s:170:37:170:Infinity":69,"f:171:32:171:33":9,"s:171:39:171:Infinity":70,"b:171:39:171:60:171:60:171:Infinity":25,"b:175:17:175:Infinity:176:18:176:Infinity":26,"b:183:11:183:Infinity:184:12:203:Infinity":27,"f:199:28:199:29":10,"s:199:35:199:Infinity":71,"b:207:11:207:Infinity:208:12:216:Infinity":28,"b:220:11:220:Infinity:221:12:261:Infinity":29,"b:223:16:249:Infinity:251:16:259:Infinity":30,"b:239:38:239:59:239:59:239:Infinity":31,"b:265:11:265:Infinity:266:12:286:Infinity":32,"b:292:11:292:Infinity:293:12:304:Infinity":33,"b:297:26:297:42:297:42:297:Infinity":34,"b:299:32:299:47:299:47:299:Infinity":35,"b:308:11:308:Infinity:309:12:320:Infinity":36,"b:313:26:313:41:313:41:313:Infinity":37,"b:324:11:324:Infinity:325:12:327:Infinity":38}}}
,"/Users/ondrej/dev/www/point-of-sale-app/src/components/modals/SuccessMessage.jsx": {"path":"/Users/ondrej/dev/www/point-of-sale-app/src/components/modals/SuccessMessage.jsx","statementMap":{"0":{"start":{"line":3,"column":23},"end":{"line":11,"column":null}},"1":{"start":{"line":4,"column":2},"end":{"line":9,"column":null}}},"fnMap":{"0":{"name":"(anonymous_0)","decl":{"start":{"line":3,"column":23},"end":{"line":3,"column":24}},"loc":{"start":{"line":3,"column":40},"end":{"line":11,"column":null}},"line":3}},"branchMap":{},"s":{"0":0,"1":0},"f":{"0":0},"b":{},"meta":{"lastBranch":0,"lastFunction":1,"lastStatement":2,"seen":{"s:3:23:11:Infinity":0,"f:3:23:3:24":0,"s:4:2:9:Infinity":1}}}
,"/Users/ondrej/dev/www/point-of-sale-app/src/components/ui/CartItem.jsx": {"path":"/Users/ondrej/dev/www/point-of-sale-app/src/components/ui/CartItem.jsx","statementMap":{"0":{"start":{"line":1,"column":17},"end":{"line":46,"column":null}},"1":{"start":{"line":2,"column":23},"end":{"line":6,"column":null}},"2":{"start":{"line":3,"column":4},"end":{"line":3,"column":null}},"3":{"start":{"line":3,"column":23},"end":{"line":3,"column":null}},"4":{"start":{"line":4,"column":4},"end":{"line":4,"column":null}},"5":{"start":{"line":4,"column":54},"end":{"line":4,"column":null}},"6":{"start":{"line":5,"column":4},"end":{"line":5,"column":null}},"7":{"start":{"line":8,"column":21},"end":{"line":8,"column":null}},"8":{"start":{"line":10,"column":2},"end":{"line":44,"column":null}},"9":{"start":{"line":23,"column":25},"end":{"line":23,"column":null}}},"fnMap":{"0":{"name":"(anonymous_0)","decl":{"start":{"line":1,"column":17},"end":{"line":1,"column":18}},"loc":{"start":{"line":1,"column":72},"end":{"line":46,"column":null}},"line":1},"1":{"name":"(anonymous_1)","decl":{"start":{"line":2,"column":23},"end":{"line":2,"column":29}},"loc":{"start":{"line":2,"column":29},"end":{"line":6,"column":null}},"line":2},"2":{"name":"(anonymous_2)","decl":{"start":{"line":23,"column":19},"end":{"line":23,"column":25}},"loc":{"start":{"line":23,"column":25},"end":{"line":23,"column":null}},"line":23}},"branchMap":{"0":{"loc":{"start":{"line":3,"column":4},"end":{"line":3,"column":null}},"type":"if","locations":[{"start":{"line":3,"column":4},"end":{"line":3,"column":null}},{"start":{},"end":{}}],"line":3},"1":{"loc":{"start":{"line":4,"column":4},"end":{"line":4,"column":null}},"type":"if","locations":[{"start":{"line":4,"column":4},"end":{"line":4,"column":null}},{"start":{},"end":{}}],"line":4},"2":{"loc":{"start":{"line":4,"column":8},"end":{"line":4,"column":54}},"type":"binary-expr","locations":[{"start":{"line":4,"column":8},"end":{"line":4,"column":29}},{"start":{"line":4,"column":29},"end":{"line":4,"column":54}}],"line":4},"3":{"loc":{"start":{"line":8,"column":21},"end":{"line":8,"column":null}},"type":"binary-expr","locations":[{"start":{"line":8,"column":21},"end":{"line":8,"column":42}},{"start":{"line":8,"column":42},"end":{"line":8,"column":69}},{"start":{"line":8,"column":69},"end":{"line":8,"column":null}}],"line":8},"4":{"loc":{"start":{"line":19,"column":13},"end":{"line":19,"column":null}},"type":"cond-expr","locations":[{"start":{"line":19,"column":28},"end":{"line":19,"column":36}},{"start":{"line":19,"column":36},"end":{"line":19,"column":null}}],"line":19},"5":{"loc":{"start":{"line":31,"column":7},"end":{"line":42,"column":null}},"type":"binary-expr","locations":[{"start":{"line":31,"column":7},"end":{"line":31,"column":21}},{"start":{"line":31,"column":21},"end":{"line":31,"column":null}},{"start":{"line":32,"column":8},"end":{"line":42,"column":null}}],"line":31},"6":{"loc":{"start":{"line":39,"column":15},"end":{"line":39,"column":null}},"type":"cond-expr","locations":[{"start":{"line":39,"column":30},"end":{"line":39,"column":38}},{"start":{"line":39,"column":38},"end":{"line":39,"column":null}}],"line":39}},"s":{"0":1,"1":26,"2":26,"3":3,"4":23,"5":3,"6":20,"7":26,"8":26,"9":4},"f":{"0":26,"1":26,"2":4},"b":{"0":[3,23],"1":[3,20],"2":[23,21],"3":[26,24,23],"4":[2,24],"5":[26,20,6],"6":[1,5]},"meta":{"lastBranch":7,"lastFunction":3,"lastStatement":10,"seen":{"s:1:17:46:Infinity":0,"f:1:17:1:18":0,"s:2:23:6:Infinity":1,"f:2:23:2:29":1,"b:3:4:3:Infinity:undefined:undefined:undefined:undefined":0,"s:3:4:3:Infinity":2,"s:3:23:3:Infinity":3,"b:4:4:4:Infinity:undefined:undefined:undefined:undefined":1,"s:4:4:4:Infinity":4,"b:4:8:4:29:4:29:4:54":2,"s:4:54:4:Infinity":5,"s:5:4:5:Infinity":6,"s:8:21:8:Infinity":7,"b:8:21:8:42:8:42:8:69:8:69:8:Infinity":3,"s:10:2:44:Infinity":8,"b:19:28:19:36:19:36:19:Infinity":4,"f:23:19:23:25":2,"s:23:25:23:Infinity":9,"b:31:7:31:21:31:21:31:Infinity:32:8:42:Infinity":5,"b:39:30:39:38:39:38:39:Infinity":6}}}
,"/Users/ondrej/dev/www/point-of-sale-app/src/components/ui/CompletedOrderCard.jsx": {"path":"/Users/ondrej/dev/www/point-of-sale-app/src/components/ui/CompletedOrderCard.jsx","statementMap":{"0":{"start":{"line":4,"column":27},"end":{"line":148,"column":null}},"1":{"start":{"line":6,"column":35},"end":{"line":60,"column":null}},"2":{"start":{"line":7,"column":18},"end":{"line":7,"column":null}},"3":{"start":{"line":8,"column":23},"end":{"line":8,"column":null}},"4":{"start":{"line":8,"column":41},"end":{"line":8,"column":45}},"5":{"start":{"line":11,"column":22},"end":{"line":11,"column":null}},"6":{"start":{"line":11,"column":43},"end":{"line":11,"column":71}},"7":{"start":{"line":12,"column":17},"end":{"line":12,"column":null}},"8":{"start":{"line":12,"column":38},"end":{"line":12,"column":55}},"9":{"start":{"line":13,"column":22},"end":{"line":13,"column":null}},"10":{"start":{"line":13,"column":43},"end":{"line":13,"column":66}},"11":{"start":{"line":14,"column":23},"end":{"line":14,"column":null}},"12":{"start":{"line":14,"column":44},"end":{"line":14,"column":64}},"13":{"start":{"line":16,"column":25},"end":{"line":16,"column":null}},"14":{"start":{"line":17,"column":23},"end":{"line":17,"column":null}},"15":{"start":{"line":20,"column":4},"end":{"line":38,"column":null}},"16":{"start":{"line":22,"column":26},"end":{"line":22,"column":null}},"17":{"start":{"line":22,"column":43},"end":{"line":22,"column":70}},"18":{"start":{"line":24,"column":6},"end":{"line":37,"column":null}},"19":{"start":{"line":25,"column":8},"end":{"line":25,"column":null}},"20":{"start":{"line":27,"column":8},"end":{"line":33,"column":null}},"21":{"start":{"line":36,"column":8},"end":{"line":36,"column":null}},"22":{"start":{"line":41,"column":4},"end":{"line":41,"column":null}},"23":{"start":{"line":44,"column":4},"end":{"line":44,"column":null}},"24":{"start":{"line":47,"column":21},"end":{"line":47,"column":null}},"25":{"start":{"line":48,"column":4},"end":{"line":50,"column":null}},"26":{"start":{"line":49,"column":6},"end":{"line":49,"column":null}},"27":{"start":{"line":51,"column":4},"end":{"line":51,"column":null}},"28":{"start":{"line":52,"column":4},"end":{"line":52,"column":null}},"29":{"start":{"line":53,"column":4},"end":{"line":53,"column":null}},"30":{"start":{"line":55,"column":4},"end":{"line":59,"column":null}},"31":{"start":{"line":56,"column":21},"end":{"line":56,"column":null}},"32":{"start":{"line":57,"column":21},"end":{"line":57,"column":null}},"33":{"start":{"line":58,"column":6},"end":{"line":58,"column":null}},"34":{"start":{"line":62,"column":32},"end":{"line":62,"column":null}},"35":{"start":{"line":64,"column":2},"end":{"line":146,"column":null}},"36":{"start":{"line":90,"column":10},"end":{"line":106,"column":null}},"37":{"start":{"line":94,"column":148},"end":{"line":94,"column":152}},"38":{"start":{"line":128,"column":29},"end":{"line":128,"column":null}},"39":{"start":{"line":138,"column":29},"end":{"line":138,"column":null}}},"fnMap":{"0":{"name":"(anonymous_0)","decl":{"start":{"line":4,"column":27},"end":{"line":4,"column":28}},"loc":{"start":{"line":4,"column":62},"end":{"line":148,"column":null}},"line":4},"1":{"name":"(anonymous_1)","decl":{"start":{"line":6,"column":35},"end":{"line":6,"column":41}},"loc":{"start":{"line":6,"column":41},"end":{"line":60,"column":null}},"line":6},"2":{"name":"(anonymous_2)","decl":{"start":{"line":8,"column":36},"end":{"line":8,"column":41}},"loc":{"start":{"line":8,"column":41},"end":{"line":8,"column":45}},"line":8},"3":{"name":"(anonymous_3)","decl":{"start":{"line":11,"column":35},"end":{"line":11,"column":43}},"loc":{"start":{"line":11,"column":43},"end":{"line":11,"column":71}},"line":11},"4":{"name":"(anonymous_4)","decl":{"start":{"line":12,"column":30},"end":{"line":12,"column":38}},"loc":{"start":{"line":12,"column":38},"end":{"line":12,"column":55}},"line":12},"5":{"name":"(anonymous_5)","decl":{"start":{"line":13,"column":35},"end":{"line":13,"column":43}},"loc":{"start":{"line":13,"column":43},"end":{"line":13,"column":66}},"line":13},"6":{"name":"(anonymous_6)","decl":{"start":{"line":14,"column":36},"end":{"line":14,"column":44}},"loc":{"start":{"line":14,"column":44},"end":{"line":14,"column":64}},"line":14},"7":{"name":"(anonymous_7)","decl":{"start":{"line":20,"column":22},"end":{"line":20,"column":34}},"loc":{"start":{"line":20,"column":34},"end":{"line":38,"column":5}},"line":20},"8":{"name":"(anonymous_8)","decl":{"start":{"line":22,"column":36},"end":{"line":22,"column":43}},"loc":{"start":{"line":22,"column":43},"end":{"line":22,"column":70}},"line":22},"9":{"name":"(anonymous_9)","decl":{"start":{"line":48,"column":23},"end":{"line":48,"column":24}},"loc":{"start":{"line":48,"column":38},"end":{"line":50,"column":5}},"line":48},"10":{"name":"(anonymous_10)","decl":{"start":{"line":55,"column":29},"end":{"line":55,"column":30}},"loc":{"start":{"line":55,"column":39},"end":{"line":59,"column":5}},"line":55},"11":{"name":"(anonymous_11)","decl":{"start":{"line":89,"column":35},"end":{"line":89,"column":36}},"loc":{"start":{"line":90,"column":10},"end":{"line":106,"column":null}},"line":90},"12":{"name":"(anonymous_12)","decl":{"start":{"line":94,"column":143},"end":{"line":94,"column":148}},"loc":{"start":{"line":94,"column":148},"end":{"line":94,"column":152}},"line":94},"13":{"name":"(anonymous_13)","decl":{"start":{"line":128,"column":23},"end":{"line":128,"column":29}},"loc":{"start":{"line":128,"column":29},"end":{"line":128,"column":null}},"line":128},"14":{"name":"(anonymous_14)","decl":{"start":{"line":138,"column":23},"end":{"line":138,"column":29}},"loc":{"start":{"line":138,"column":29},"end":{"line":138,"column":null}},"line":138}},"branchMap":{"0":{"loc":{"start":{"line":24,"column":6},"end":{"line":37,"column":null}},"type":"if","locations":[{"start":{"line":24,"column":6},"end":{"line":37,"column":null}},{"start":{"line":34,"column":13},"end":{"line":37,"column":null}}],"line":24},"1":{"loc":{"start":{"line":56,"column":21},"end":{"line":56,"column":null}},"type":"binary-expr","locations":[{"start":{"line":56,"column":21},"end":{"line":56,"column":39}},{"start":{"line":56,"column":39},"end":{"line":56,"column":null}}],"line":56},"2":{"loc":{"start":{"line":57,"column":21},"end":{"line":57,"column":null}},"type":"binary-expr","locations":[{"start":{"line":57,"column":21},"end":{"line":57,"column":39}},{"start":{"line":57,"column":39},"end":{"line":57,"column":null}}],"line":57},"3":{"loc":{"start":{"line":79,"column":13},"end":{"line":82,"column":null}},"type":"cond-expr","locations":[{"start":{"line":80,"column":14},"end":{"line":80,"column":null}},{"start":{"line":82,"column":14},"end":{"line":82,"column":null}}],"line":79},"4":{"loc":{"start":{"line":94,"column":68},"end":{"line":94,"column":100}},"type":"cond-expr","locations":[{"start":{"line":94,"column":91},"end":{"line":94,"column":97}},{"start":{"line":94,"column":97},"end":{"line":94,"column":100}}],"line":94},"5":{"loc":{"start":{"line":94,"column":112},"end":{"line":94,"column":192}},"type":"cond-expr","locations":[{"start":{"line":94,"column":174},"end":{"line":94,"column":183}},{"start":{"line":94,"column":183},"end":{"line":94,"column":192}}],"line":94},"6":{"loc":{"start":{"line":94,"column":112},"end":{"line":94,"column":174}},"type":"binary-expr","locations":[{"start":{"line":94,"column":112},"end":{"line":94,"column":130}},{"start":{"line":94,"column":130},"end":{"line":94,"column":174}}],"line":94},"7":{"loc":{"start":{"line":96,"column":21},"end":{"line":96,"column":null}},"type":"binary-expr","locations":[{"start":{"line":96,"column":21},"end":{"line":96,"column":39}},{"start":{"line":96,"column":39},"end":{"line":96,"column":null}}],"line":96},"8":{"loc":{"start":{"line":102,"column":93},"end":{"line":102,"column":124}},"type":"cond-expr","locations":[{"start":{"line":102,"column":116},"end":{"line":102,"column":122}},{"start":{"line":102,"column":122},"end":{"line":102,"column":124}}],"line":102},"9":{"loc":{"start":{"line":90,"column":20},"end":{"line":90,"column":40}},"type":"binary-expr","locations":[{"start":{"line":90,"column":20},"end":{"line":90,"column":35}},{"start":{"line":90,"column":35},"end":{"line":90,"column":40}}],"line":90},"10":{"loc":{"start":{"line":110,"column":7},"end":{"line":121,"column":null}},"type":"binary-expr","locations":[{"start":{"line":110,"column":7},"end":{"line":110,"column":null}},{"start":{"line":111,"column":8},"end":{"line":121,"column":null}}],"line":110}},"s":{"0":0,"1":0,"2":0,"3":0,"4":0,"5":0,"6":0,"7":0,"8":0,"9":0,"10":0,"11":0,"12":0,"13":0,"14":0,"15":0,"16":0,"17":0,"18":0,"19":0,"20":0,"21":0,"22":0,"23":0,"24":0,"25":0,"26":0,"27":0,"28":0,"29":0,"30":0,"31":0,"32":0,"33":0,"34":0,"35":0,"36":0,"37":0,"38":0,"39":0},"f":{"0":0,"1":0,"2":0,"3":0,"4":0,"5":0,"6":0,"7":0,"8":0,"9":0,"10":0,"11":0,"12":0,"13":0,"14":0},"b":{"0":[0,0],"1":[0,0],"2":[0,0],"3":[0,0],"4":[0,0],"5":[0,0],"6":[0,0],"7":[0,0],"8":[0,0],"9":[0,0],"10":[0,0]},"meta":{"lastBranch":11,"lastFunction":15,"lastStatement":40,"seen":{"s:4:27:148:Infinity":0,"f:4:27:4:28":0,"s:6:35:60:Infinity":1,"f:6:35:6:41":1,"s:7:18:7:Infinity":2,"s:8:23:8:Infinity":3,"f:8:36:8:41":2,"s:8:41:8:45":4,"s:11:22:11:Infinity":5,"f:11:35:11:43":3,"s:11:43:11:71":6,"s:12:17:12:Infinity":7,"f:12:30:12:38":4,"s:12:38:12:55":8,"s:13:22:13:Infinity":9,"f:13:35:13:43":5,"s:13:43:13:66":10,"s:14:23:14:Infinity":11,"f:14:36:14:44":6,"s:14:44:14:64":12,"s:16:25:16:Infinity":13,"s:17:23:17:Infinity":14,"s:20:4:38:Infinity":15,"f:20:22:20:34":7,"s:22:26:22:Infinity":16,"f:22:36:22:43":8,"s:22:43:22:70":17,"b:24:6:37:Infinity:34:13:37:Infinity":0,"s:24:6:37:Infinity":18,"s:25:8:25:Infinity":19,"s:27:8:33:Infinity":20,"s:36:8:36:Infinity":21,"s:41:4:41:Infinity":22,"s:44:4:44:Infinity":23,"s:47:21:47:Infinity":24,"s:48:4:50:Infinity":25,"f:48:23:48:24":9,"s:49:6:49:Infinity":26,"s:51:4:51:Infinity":27,"s:52:4:52:Infinity":28,"s:53:4:53:Infinity":29,"s:55:4:59:Infinity":30,"f:55:29:55:30":10,"s:56:21:56:Infinity":31,"b:56:21:56:39:56:39:56:Infinity":1,"s:57:21:57:Infinity":32,"b:57:21:57:39:57:39:57:Infinity":2,"s:58:6:58:Infinity":33,"s:62:32:62:Infinity":34,"s:64:2:146:Infinity":35,"b:80:14:80:Infinity:82:14:82:Infinity":3,"f:89:35:89:36":11,"s:90:10:106:Infinity":36,"b:94:91:94:97:94:97:94:100":4,"b:94:174:94:183:94:183:94:192":5,"b:94:112:94:130:94:130:94:174":6,"f:94:143:94:148":12,"s:94:148:94:152":37,"b:96:21:96:39:96:39:96:Infinity":7,"b:102:116:102:122:102:122:102:124":8,"b:90:20:90:35:90:35:90:40":9,"b:110:7:110:Infinity:111:8:121:Infinity":10,"f:128:23:128:29":13,"s:128:29:128:Infinity":38,"f:138:23:138:29":14,"s:138:29:138:Infinity":39}}}
,"/Users/ondrej/dev/www/point-of-sale-app/src/components/ui/Header.jsx": {"path":"/Users/ondrej/dev/www/point-of-sale-app/src/components/ui/Header.jsx","statementMap":{"0":{"start":{"line":7,"column":15},"end":{"line":24,"column":null}},"1":{"start":{"line":8,"column":2},"end":{"line":22,"column":null}}},"fnMap":{"0":{"name":"(anonymous_0)","decl":{"start":{"line":7,"column":15},"end":{"line":7,"column":16}},"loc":{"start":{"line":7,"column":40},"end":{"line":24,"column":null}},"line":7}},"branchMap":{},"s":{"0":0,"1":0},"f":{"0":0},"b":{},"meta":{"lastBranch":0,"lastFunction":1,"lastStatement":2,"seen":{"s:7:15:24:Infinity":0,"f:7:15:7:16":0,"s:8:2:22:Infinity":1}}}
,"/Users/ondrej/dev/www/point-of-sale-app/src/components/ui/OfflineBanner.jsx": {"path":"/Users/ondrej/dev/www/point-of-sale-app/src/components/ui/OfflineBanner.jsx","statementMap":{"0":{"start":{"line":3,"column":22},"end":{"line":34,"column":null}},"1":{"start":{"line":4,"column":2},"end":{"line":32,"column":null}}},"fnMap":{"0":{"name":"(anonymous_0)","decl":{"start":{"line":3,"column":22},"end":{"line":3,"column":23}},"loc":{"start":{"line":3,"column":69},"end":{"line":34,"column":null}},"line":3}},"branchMap":{"0":{"loc":{"start":{"line":8,"column":11},"end":{"line":20,"column":null}},"type":"cond-expr","locations":[{"start":{"line":9,"column":12},"end":{"line":14,"column":null}},{"start":{"line":16,"column":12},"end":{"line":20,"column":null}}],"line":8},"1":{"loc":{"start":{"line":19,"column":15},"end":{"line":19,"column":null}},"type":"binary-expr","locations":[{"start":{"line":19,"column":15},"end":{"line":19,"column":35}},{"start":{"line":19,"column":35},"end":{"line":19,"column":null}}],"line":19}},"s":{"0":0,"1":0},"f":{"0":0},"b":{"0":[0,0],"1":[0,0]},"meta":{"lastBranch":2,"lastFunction":1,"lastStatement":2,"seen":{"s:3:22:34:Infinity":0,"f:3:22:3:23":0,"s:4:2:32:Infinity":1,"b:9:12:14:Infinity:16:12:20:Infinity":0,"b:19:15:19:35:19:35:19:Infinity":1}}}
,"/Users/ondrej/dev/www/point-of-sale-app/src/components/ui/PendingOrderCard.jsx": {"path":"/Users/ondrej/dev/www/point-of-sale-app/src/components/ui/PendingOrderCard.jsx","statementMap":{"0":{"start":{"line":4,"column":25},"end":{"line":179,"column":null}},"1":{"start":{"line":11,"column":35},"end":{"line":68,"column":null}},"2":{"start":{"line":12,"column":18},"end":{"line":12,"column":null}},"3":{"start":{"line":13,"column":23},"end":{"line":13,"column":null}},"4":{"start":{"line":13,"column":41},"end":{"line":13,"column":45}},"5":{"start":{"line":16,"column":22},"end":{"line":16,"column":null}},"6":{"start":{"line":16,"column":43},"end":{"line":16,"column":71}},"7":{"start":{"line":17,"column":17},"end":{"line":17,"column":null}},"8":{"start":{"line":17,"column":38},"end":{"line":17,"column":55}},"9":{"start":{"line":18,"column":22},"end":{"line":18,"column":null}},"10":{"start":{"line":18,"column":43},"end":{"line":18,"column":66}},"11":{"start":{"line":19,"column":23},"end":{"line":19,"column":null}},"12":{"start":{"line":19,"column":44},"end":{"line":19,"column":64}},"13":{"start":{"line":21,"column":25},"end":{"line":21,"column":null}},"14":{"start":{"line":22,"column":23},"end":{"line":22,"column":null}},"15":{"start":{"line":25,"column":4},"end":{"line":46,"column":null}},"16":{"start":{"line":27,"column":26},"end":{"line":27,"column":null}},"17":{"start":{"line":27,"column":43},"end":{"line":27,"column":70}},"18":{"start":{"line":29,"column":6},"end":{"line":45,"column":null}},"19":{"start":{"line":30,"column":8},"end":{"line":30,"column":null}},"20":{"start":{"line":32,"column":8},"end":{"line":41,"column":null}},"21":{"start":{"line":44,"column":8},"end":{"line":44,"column":null}},"22":{"start":{"line":49,"column":4},"end":{"line":49,"column":null}},"23":{"start":{"line":52,"column":4},"end":{"line":52,"column":null}},"24":{"start":{"line":55,"column":21},"end":{"line":55,"column":null}},"25":{"start":{"line":56,"column":4},"end":{"line":58,"column":null}},"26":{"start":{"line":57,"column":6},"end":{"line":57,"column":null}},"27":{"start":{"line":59,"column":4},"end":{"line":59,"column":null}},"28":{"start":{"line":60,"column":4},"end":{"line":60,"column":null}},"29":{"start":{"line":61,"column":4},"end":{"line":61,"column":null}},"30":{"start":{"line":63,"column":4},"end":{"line":67,"column":null}},"31":{"start":{"line":64,"column":21},"end":{"line":64,"column":null}},"32":{"start":{"line":65,"column":21},"end":{"line":65,"column":null}},"33":{"start":{"line":66,"column":6},"end":{"line":66,"column":null}},"34":{"start":{"line":70,"column":32},"end":{"line":70,"column":null}},"35":{"start":{"line":72,"column":25},"end":{"line":72,"column":null}},"36":{"start":{"line":74,"column":2},"end":{"line":177,"column":null}},"37":{"start":{"line":101,"column":10},"end":{"line":120,"column":null}},"38":{"start":{"line":108,"column":142},"end":{"line":108,"column":146}},"39":{"start":{"line":140,"column":25},"end":{"line":140,"column":null}},"40":{"start":{"line":154,"column":29},"end":{"line":154,"column":null}},"41":{"start":{"line":166,"column":29},"end":{"line":166,"column":null}}},"fnMap":{"0":{"name":"(anonymous_0)","decl":{"start":{"line":4,"column":25},"end":{"line":4,"column":26}},"loc":{"start":{"line":9,"column":6},"end":{"line":179,"column":null}},"line":9},"1":{"name":"(anonymous_1)","decl":{"start":{"line":11,"column":35},"end":{"line":11,"column":41}},"loc":{"start":{"line":11,"column":41},"end":{"line":68,"column":null}},"line":11},"2":{"name":"(anonymous_2)","decl":{"start":{"line":13,"column":36},"end":{"line":13,"column":41}},"loc":{"start":{"line":13,"column":41},"end":{"line":13,"column":45}},"line":13},"3":{"name":"(anonymous_3)","decl":{"start":{"line":16,"column":35},"end":{"line":16,"column":43}},"loc":{"start":{"line":16,"column":43},"end":{"line":16,"column":71}},"line":16},"4":{"name":"(anonymous_4)","decl":{"start":{"line":17,"column":30},"end":{"line":17,"column":38}},"loc":{"start":{"line":17,"column":38},"end":{"line":17,"column":55}},"line":17},"5":{"name":"(anonymous_5)","decl":{"start":{"line":18,"column":35},"end":{"line":18,"column":43}},"loc":{"start":{"line":18,"column":43},"end":{"line":18,"column":66}},"line":18},"6":{"name":"(anonymous_6)","decl":{"start":{"line":19,"column":36},"end":{"line":19,"column":44}},"loc":{"start":{"line":19,"column":44},"end":{"line":19,"column":64}},"line":19},"7":{"name":"(anonymous_7)","decl":{"start":{"line":25,"column":22},"end":{"line":25,"column":34}},"loc":{"start":{"line":25,"column":34},"end":{"line":46,"column":5}},"line":25},"8":{"name":"(anonymous_8)","decl":{"start":{"line":27,"column":36},"end":{"line":27,"column":43}},"loc":{"start":{"line":27,"column":43},"end":{"line":27,"column":70}},"line":27},"9":{"name":"(anonymous_9)","decl":{"start":{"line":56,"column":23},"end":{"line":56,"column":24}},"loc":{"start":{"line":56,"column":38},"end":{"line":58,"column":5}},"line":56},"10":{"name":"(anonymous_10)","decl":{"start":{"line":63,"column":29},"end":{"line":63,"column":30}},"loc":{"start":{"line":63,"column":39},"end":{"line":67,"column":5}},"line":63},"11":{"name":"(anonymous_11)","decl":{"start":{"line":100,"column":35},"end":{"line":100,"column":36}},"loc":{"start":{"line":101,"column":10},"end":{"line":120,"column":null}},"line":101},"12":{"name":"(anonymous_12)","decl":{"start":{"line":108,"column":137},"end":{"line":108,"column":142}},"loc":{"start":{"line":108,"column":142},"end":{"line":108,"column":146}},"line":108},"13":{"name":"(anonymous_13)","decl":{"start":{"line":140,"column":19},"end":{"line":140,"column":25}},"loc":{"start":{"line":140,"column":25},"end":{"line":140,"column":null}},"line":140},"14":{"name":"(anonymous_14)","decl":{"start":{"line":154,"column":23},"end":{"line":154,"column":29}},"loc":{"start":{"line":154,"column":29},"end":{"line":154,"column":null}},"line":154},"15":{"name":"(anonymous_15)","decl":{"start":{"line":166,"column":23},"end":{"line":166,"column":29}},"loc":{"start":{"line":166,"column":29},"end":{"line":166,"column":null}},"line":166}},"branchMap":{"0":{"loc":{"start":{"line":29,"column":6},"end":{"line":45,"column":null}},"type":"if","locations":[{"start":{"line":29,"column":6},"end":{"line":45,"column":null}},{"start":{"line":42,"column":13},"end":{"line":45,"column":null}}],"line":29},"1":{"loc":{"start":{"line":37,"column":17},"end":{"line":37,"column":null}},"type":"binary-expr","locations":[{"start":{"line":37,"column":17},"end":{"line":37,"column":35}},{"start":{"line":37,"column":35},"end":{"line":37,"column":null}}],"line":37},"2":{"loc":{"start":{"line":64,"column":21},"end":{"line":64,"column":null}},"type":"binary-expr","locations":[{"start":{"line":64,"column":21},"end":{"line":64,"column":39}},{"start":{"line":64,"column":39},"end":{"line":64,"column":null}}],"line":64},"3":{"loc":{"start":{"line":65,"column":21},"end":{"line":65,"column":null}},"type":"binary-expr","locations":[{"start":{"line":65,"column":21},"end":{"line":65,"column":39}},{"start":{"line":65,"column":39},"end":{"line":65,"column":null}}],"line":65},"4":{"loc":{"start":{"line":77,"column":19},"end":{"line":77,"column":null}},"type":"cond-expr","locations":[{"start":{"line":77,"column":40},"end":{"line":77,"column":68}},{"start":{"line":77,"column":68},"end":{"line":77,"column":null}}],"line":77},"5":{"loc":{"start":{"line":78,"column":9},"end":{"line":78,"column":null}},"type":"binary-expr","locations":[{"start":{"line":78,"column":9},"end":{"line":78,"column":27}},{"start":{"line":78,"column":27},"end":{"line":78,"column":null}}],"line":78},"6":{"loc":{"start":{"line":90,"column":13},"end":{"line":93,"column":null}},"type":"cond-expr","locations":[{"start":{"line":91,"column":14},"end":{"line":91,"column":null}},{"start":{"line":93,"column":14},"end":{"line":93,"column":null}}],"line":90},"7":{"loc":{"start":{"line":108,"column":62},"end":{"line":108,"column":94}},"type":"cond-expr","locations":[{"start":{"line":108,"column":85},"end":{"line":108,"column":91}},{"start":{"line":108,"column":91},"end":{"line":108,"column":94}}],"line":108},"8":{"loc":{"start":{"line":108,"column":106},"end":{"line":108,"column":186}},"type":"cond-expr","locations":[{"start":{"line":108,"column":168},"end":{"line":108,"column":177}},{"start":{"line":108,"column":177},"end":{"line":108,"column":186}}],"line":108},"9":{"loc":{"start":{"line":108,"column":106},"end":{"line":108,"column":168}},"type":"binary-expr","locations":[{"start":{"line":108,"column":106},"end":{"line":108,"column":124}},{"start":{"line":108,"column":124},"end":{"line":108,"column":168}}],"line":108},"10":{"loc":{"start":{"line":110,"column":21},"end":{"line":110,"column":null}},"type":"binary-expr","locations":[{"start":{"line":110,"column":21},"end":{"line":110,"column":39}},{"start":{"line":110,"column":39},"end":{"line":110,"column":null}}],"line":110},"11":{"loc":{"start":{"line":116,"column":62},"end":{"line":116,"column":94}},"type":"cond-expr","locations":[{"start":{"line":116,"column":85},"end":{"line":116,"column":91}},{"start":{"line":116,"column":91},"end":{"line":116,"column":94}}],"line":116},"12":{"loc":{"start":{"line":124,"column":7},"end":{"line":135,"column":null}},"type":"binary-expr","locations":[{"start":{"line":124,"column":7},"end":{"line":124,"column":null}},{"start":{"line":125,"column":8},"end":{"line":135,"column":null}}],"line":124},"13":{"loc":{"start":{"line":144,"column":17},"end":{"line":144,"column":null}},"type":"cond-expr","locations":[{"start":{"line":144,"column":34},"end":{"line":144,"column":64}},{"start":{"line":144,"column":64},"end":{"line":144,"column":null}}],"line":144},"14":{"loc":{"start":{"line":157,"column":21},"end":{"line":157,"column":null}},"type":"cond-expr","locations":[{"start":{"line":157,"column":38},"end":{"line":157,"column":68}},{"start":{"line":157,"column":68},"end":{"line":157,"column":null}}],"line":157},"15":{"loc":{"start":{"line":169,"column":21},"end":{"line":169,"column":null}},"type":"cond-expr","locations":[{"start":{"line":169,"column":38},"end":{"line":169,"column":68}},{"start":{"line":169,"column":68},"end":{"line":169,"column":null}}],"line":169}},"s":{"0":0,"1":0,"2":0,"3":0,"4":0,"5":0,"6":0,"7":0,"8":0,"9":0,"10":0,"11":0,"12":0,"13":0,"14":0,"15":0,"16":0,"17":0,"18":0,"19":0,"20":0,"21":0,"22":0,"23":0,"24":0,"25":0,"26":0,"27":0,"28":0,"29":0,"30":0,"31":0,"32":0,"33":0,"34":0,"35":0,"36":0,"37":0,"38":0,"39":0,"40":0,"41":0},"f":{"0":0,"1":0,"2":0,"3":0,"4":0,"5":0,"6":0,"7":0,"8":0,"9":0,"10":0,"11":0,"12":0,"13":0,"14":0,"15":0},"b":{"0":[0,0],"1":[0,0],"2":[0,0],"3":[0,0],"4":[0,0],"5":[0,0],"6":[0,0],"7":[0,0],"8":[0,0],"9":[0,0],"10":[0,0],"11":[0,0],"12":[0,0],"13":[0,0],"14":[0,0],"15":[0,0]},"meta":{"lastBranch":16,"lastFunction":16,"lastStatement":42,"seen":{"s:4:25:179:Infinity":0,"f:4:25:4:26":0,"s:11:35:68:Infinity":1,"f:11:35:11:41":1,"s:12:18:12:Infinity":2,"s:13:23:13:Infinity":3,"f:13:36:13:41":2,"s:13:41:13:45":4,"s:16:22:16:Infinity":5,"f:16:35:16:43":3,"s:16:43:16:71":6,"s:17:17:17:Infinity":7,"f:17:30:17:38":4,"s:17:38:17:55":8,"s:18:22:18:Infinity":9,"f:18:35:18:43":5,"s:18:43:18:66":10,"s:19:23:19:Infinity":11,"f:19:36:19:44":6,"s:19:44:19:64":12,"s:21:25:21:Infinity":13,"s:22:23:22:Infinity":14,"s:25:4:46:Infinity":15,"f:25:22:25:34":7,"s:27:26:27:Infinity":16,"f:27:36:27:43":8,"s:27:43:27:70":17,"b:29:6:45:Infinity:42:13:45:Infinity":0,"s:29:6:45:Infinity":18,"s:30:8:30:Infinity":19,"s:32:8:41:Infinity":20,"b:37:17:37:35:37:35:37:Infinity":1,"s:44:8:44:Infinity":21,"s:49:4:49:Infinity":22,"s:52:4:52:Infinity":23,"s:55:21:55:Infinity":24,"s:56:4:58:Infinity":25,"f:56:23:56:24":9,"s:57:6:57:Infinity":26,"s:59:4:59:Infinity":27,"s:60:4:60:Infinity":28,"s:61:4:61:Infinity":29,"s:63:4:67:Infinity":30,"f:63:29:63:30":10,"s:64:21:64:Infinity":31,"b:64:21:64:39:64:39:64:Infinity":2,"s:65:21:65:Infinity":32,"b:65:21:65:39:65:39:65:Infinity":3,"s:66:6:66:Infinity":33,"s:70:32:70:Infinity":34,"s:72:25:72:Infinity":35,"s:74:2:177:Infinity":36,"b:77:40:77:68:77:68:77:Infinity":4,"b:78:9:78:27:78:27:78:Infinity":5,"b:91:14:91:Infinity:93:14:93:Infinity":6,"f:100:35:100:36":11,"s:101:10:120:Infinity":37,"b:108:85:108:91:108:91:108:94":7,"b:108:168:108:177:108:177:108:186":8,"b:108:106:108:124:108:124:108:168":9,"f:108:137:108:142":12,"s:108:142:108:146":38,"b:110:21:110:39:110:39:110:Infinity":10,"b:116:85:116:91:116:91:116:94":11,"b:124:7:124:Infinity:125:8:135:Infinity":12,"f:140:19:140:25":13,"s:140:25:140:Infinity":39,"b:144:34:144:64:144:64:144:Infinity":13,"f:154:23:154:29":14,"s:154:29:154:Infinity":40,"b:157:38:157:68:157:68:157:Infinity":14,"f:166:23:166:29":15,"s:166:29:166:Infinity":41,"b:169:38:169:68:169:68:169:Infinity":15}}}
,"/Users/ondrej/dev/www/point-of-sale-app/src/components/ui/ProductButton.jsx": {"path":"/Users/ondrej/dev/www/point-of-sale-app/src/components/ui/ProductButton.jsx","statementMap":{"0":{"start":{"line":5,"column":22},"end":{"line":28,"column":null}},"1":{"start":{"line":7,"column":26},"end":{"line":14,"column":null}},"2":{"start":{"line":8,"column":19},"end":{"line":12,"column":null}},"3":{"start":{"line":13,"column":4},"end":{"line":13,"column":null}},"4":{"start":{"line":16,"column":2},"end":{"line":26,"column":null}},"5":{"start":{"line":18,"column":21},"end":{"line":18,"column":null}}},"fnMap":{"0":{"name":"(anonymous_0)","decl":{"start":{"line":5,"column":22},"end":{"line":5,"column":23}},"loc":{"start":{"line":5,"column":59},"end":{"line":28,"column":null}},"line":5},"1":{"name":"(anonymous_1)","decl":{"start":{"line":7,"column":26},"end":{"line":7,"column":27}},"loc":{"start":{"line":7,"column":40},"end":{"line":14,"column":null}},"line":7},"2":{"name":"(anonymous_2)","decl":{"start":{"line":18,"column":15},"end":{"line":18,"column":21}},"loc":{"start":{"line":18,"column":21},"end":{"line":18,"column":null}},"line":18}},"branchMap":{"0":{"loc":{"start":{"line":13,"column":11},"end":{"line":13,"column":null}},"type":"binary-expr","locations":[{"start":{"line":13,"column":11},"end":{"line":13,"column":31}},{"start":{"line":13,"column":31},"end":{"line":13,"column":null}}],"line":13},"1":{"loc":{"start":{"line":19,"column":33},"end":{"line":19,"column":73}},"type":"cond-expr","locations":[{"start":{"line":19,"column":45},"end":{"line":19,"column":71}},{"start":{"line":19,"column":71},"end":{"line":19,"column":73}}],"line":19}},"s":{"0":1,"1":26,"2":26,"3":26,"4":26,"5":5},"f":{"0":26,"1":26,"2":5},"b":{"0":[26,1],"1":[1,25]},"meta":{"lastBranch":2,"lastFunction":3,"lastStatement":6,"seen":{"s:5:22:28:Infinity":0,"f:5:22:5:23":0,"s:7:26:14:Infinity":1,"f:7:26:7:27":1,"s:8:19:12:Infinity":2,"s:13:4:13:Infinity":3,"b:13:11:13:31:13:31:13:Infinity":0,"s:16:2:26:Infinity":4,"f:18:15:18:21":2,"s:18:21:18:Infinity":5,"b:19:45:19:71:19:71:19:73":1}}}
,"/Users/ondrej/dev/www/point-of-sale-app/src/components/ui/TabNavigation.jsx": {"path":"/Users/ondrej/dev/www/point-of-sale-app/src/components/ui/TabNavigation.jsx","statementMap":{"0":{"start":{"line":3,"column":22},"end":{"line":30,"column":null}},"1":{"start":{"line":4,"column":2},"end":{"line":28,"column":null}},"2":{"start":{"line":8,"column":28},"end":{"line":8,"column":null}},"3":{"start":{"line":13,"column":28},"end":{"line":13,"column":null}},"4":{"start":{"line":23,"column":28},"end":{"line":23,"column":null}}},"fnMap":{"0":{"name":"(anonymous_0)","decl":{"start":{"line":3,"column":22},"end":{"line":3,"column":23}},"loc":{"start":{"line":3,"column":68},"end":{"line":30,"column":null}},"line":3},"1":{"name":"(anonymous_1)","decl":{"start":{"line":8,"column":22},"end":{"line":8,"column":28}},"loc":{"start":{"line":8,"column":28},"end":{"line":8,"column":null}},"line":8},"2":{"name":"(anonymous_2)","decl":{"start":{"line":13,"column":22},"end":{"line":13,"column":28}},"loc":{"start":{"line":13,"column":28},"end":{"line":13,"column":null}},"line":13},"3":{"name":"(anonymous_3)","decl":{"start":{"line":23,"column":22},"end":{"line":23,"column":28}},"loc":{"start":{"line":23,"column":28},"end":{"line":23,"column":null}},"line":23}},"branchMap":{"0":{"loc":{"start":{"line":7,"column":23},"end":{"line":7,"column":null}},"type":"cond-expr","locations":[{"start":{"line":7,"column":45},"end":{"line":7,"column":59}},{"start":{"line":7,"column":59},"end":{"line":7,"column":null}}],"line":7},"1":{"loc":{"start":{"line":12,"column":23},"end":{"line":12,"column":null}},"type":"cond-expr","locations":[{"start":{"line":12,"column":48},"end":{"line":12,"column":62}},{"start":{"line":12,"column":62},"end":{"line":12,"column":null}}],"line":12},"2":{"loc":{"start":{"line":15,"column":13},"end":{"line":18,"column":null}},"type":"binary-expr","locations":[{"start":{"line":15,"column":13},"end":{"line":15,"column":null}},{"start":{"line":16,"column":14},"end":{"line":18,"column":null}}],"line":15},"3":{"loc":{"start":{"line":22,"column":23},"end":{"line":22,"column":null}},"type":"cond-expr","locations":[{"start":{"line":22,"column":47},"end":{"line":22,"column":61}},{"start":{"line":22,"column":61},"end":{"line":22,"column":null}}],"line":22}},"s":{"0":0,"1":0,"2":0,"3":0,"4":0},"f":{"0":0,"1":0,"2":0,"3":0},"b":{"0":[0,0],"1":[0,0],"2":[0,0],"3":[0,0]},"meta":{"lastBranch":4,"lastFunction":4,"lastStatement":5,"seen":{"s:3:22:30:Infinity":0,"f:3:22:3:23":0,"s:4:2:28:Infinity":1,"b:7:45:7:59:7:59:7:Infinity":0,"f:8:22:8:28":1,"s:8:28:8:Infinity":2,"b:12:48:12:62:12:62:12:Infinity":1,"f:13:22:13:28":2,"s:13:28:13:Infinity":3,"b:15:13:15:Infinity:16:14:18:Infinity":2,"b:22:47:22:61:22:61:22:Infinity":3,"f:23:22:23:28":3,"s:23:28:23:Infinity":4}}}
,"/Users/ondrej/dev/www/point-of-sale-app/src/components/views/OrdersView.jsx": {"path":"/Users/ondrej/dev/www/point-of-sale-app/src/components/views/OrdersView.jsx","statementMap":{"0":{"start":{"line":5,"column":19},"end":{"line":103,"column":null}},"1":{"start":{"line":14,"column":38},"end":{"line":14,"column":null}},"2":{"start":{"line":17,"column":2},"end":{"line":22,"column":null}},"3":{"start":{"line":19,"column":4},"end":{"line":21,"column":null}},"4":{"start":{"line":20,"column":6},"end":{"line":20,"column":null}},"5":{"start":{"line":25,"column":24},"end":{"line":25,"column":null}},"6":{"start":{"line":26,"column":24},"end":{"line":26,"column":null}},"7":{"start":{"line":29,"column":25},"end":{"line":32,"column":null}},"8":{"start":{"line":30,"column":21},"end":{"line":30,"column":null}},"9":{"start":{"line":31,"column":4},"end":{"line":31,"column":null}},"10":{"start":{"line":34,"column":24},"end":{"line":36,"column":null}},"11":{"start":{"line":35,"column":4},"end":{"line":35,"column":null}},"12":{"start":{"line":38,"column":2},"end":{"line":101,"column":null}},"13":{"start":{"line":50,"column":16},"end":{"line":56,"column":null}},"14":{"start":{"line":67,"column":16},"end":{"line":72,"column":null}}},"fnMap":{"0":{"name":"(anonymous_0)","decl":{"start":{"line":5,"column":19},"end":{"line":5,"column":20}},"loc":{"start":{"line":12,"column":6},"end":{"line":103,"column":null}},"line":12},"1":{"name":"(anonymous_1)","decl":{"start":{"line":17,"column":12},"end":{"line":17,"column":18}},"loc":{"start":{"line":17,"column":18},"end":{"line":22,"column":5}},"line":17},"2":{"name":"(anonymous_2)","decl":{"start":{"line":29,"column":25},"end":{"line":29,"column":31}},"loc":{"start":{"line":29,"column":31},"end":{"line":32,"column":null}},"line":29},"3":{"name":"(anonymous_3)","decl":{"start":{"line":34,"column":24},"end":{"line":34,"column":30}},"loc":{"start":{"line":34,"column":30},"end":{"line":36,"column":null}},"line":34},"4":{"name":"(anonymous_4)","decl":{"start":{"line":49,"column":33},"end":{"line":49,"column":null}},"loc":{"start":{"line":50,"column":16},"end":{"line":56,"column":null}},"line":50},"5":{"name":"(anonymous_5)","decl":{"start":{"line":66,"column":33},"end":{"line":66,"column":null}},"loc":{"start":{"line":67,"column":16},"end":{"line":72,"column":null}},"line":67}},"branchMap":{"0":{"loc":{"start":{"line":19,"column":4},"end":{"line":21,"column":null}},"type":"if","locations":[{"start":{"line":19,"column":4},"end":{"line":21,"column":null}},{"start":{},"end":{}}],"line":19},"1":{"loc":{"start":{"line":43,"column":11},"end":{"line":58,"column":null}},"type":"cond-expr","locations":[{"start":{"line":44,"column":12},"end":{"line":46,"column":null}},{"start":{"line":48,"column":12},"end":{"line":58,"column":null}}],"line":43},"2":{"loc":{"start":{"line":62,"column":9},"end":{"line":98,"column":null}},"type":"binary-expr","locations":[{"start":{"line":62,"column":9},"end":{"line":62,"column":null}},{"start":{"line":63,"column":10},"end":{"line":98,"column":null}}],"line":62},"3":{"loc":{"start":{"line":77,"column":15},"end":{"line":95,"column":null}},"type":"cond-expr","locations":[{"start":{"line":78,"column":16},"end":{"line":91,"column":null}},{"start":{"line":93,"column":16},"end":{"line":95,"column":null}}],"line":77}},"s":{"0":0,"1":0,"2":0,"3":0,"4":0,"5":0,"6":0,"7":0,"8":0,"9":0,"10":0,"11":0,"12":0,"13":0,"14":0},"f":{"0":0,"1":0,"2":0,"3":0,"4":0,"5":0},"b":{"0":[0,0],"1":[0,0],"2":[0,0],"3":[0,0]},"meta":{"lastBranch":4,"lastFunction":6,"lastStatement":15,"seen":{"s:5:19:103:Infinity":0,"f:5:19:5:20":0,"s:14:38:14:Infinity":1,"s:17:2:22:Infinity":2,"f:17:12:17:18":1,"b:19:4:21:Infinity:undefined:undefined:undefined:undefined":0,"s:19:4:21:Infinity":3,"s:20:6:20:Infinity":4,"s:25:24:25:Infinity":5,"s:26:24:26:Infinity":6,"s:29:25:32:Infinity":7,"f:29:25:29:31":2,"s:30:21:30:Infinity":8,"s:31:4:31:Infinity":9,"s:34:24:36:Infinity":10,"f:34:24:34:30":3,"s:35:4:35:Infinity":11,"s:38:2:101:Infinity":12,"b:44:12:46:Infinity:48:12:58:Infinity":1,"f:49:33:49:Infinity":4,"s:50:16:56:Infinity":13,"b:62:9:62:Infinity:63:10:98:Infinity":2,"f:66:33:66:Infinity":5,"s:67:16:72:Infinity":14,"b:78:16:91:Infinity:93:16:95:Infinity":3}}}
,"/Users/ondrej/dev/www/point-of-sale-app/src/components/views/POSView.jsx": {"path":"/Users/ondrej/dev/www/point-of-sale-app/src/components/views/POSView.jsx","statementMap":{"0":{"start":{"line":10,"column":16},"end":{"line":271,"column":null}},"1":{"start":{"line":29,"column":50},"end":{"line":29,"column":null}},"2":{"start":{"line":32,"column":24},"end":{"line":50,"column":null}},"3":{"start":{"line":33,"column":25},"end":{"line":33,"column":null}},"4":{"start":{"line":33,"column":43},"end":{"line":33,"column":47}},"5":{"start":{"line":35,"column":21},"end":{"line":35,"column":null}},"6":{"start":{"line":36,"column":4},"end":{"line":38,"column":null}},"7":{"start":{"line":37,"column":6},"end":{"line":37,"column":null}},"8":{"start":{"line":39,"column":4},"end":{"line":39,"column":null}},"9":{"start":{"line":40,"column":4},"end":{"line":40,"column":null}},"10":{"start":{"line":43,"column":25},"end":{"line":43,"column":null}},"11":{"start":{"line":43,"column":45},"end":{"line":43,"column":62}},"12":{"start":{"line":45,"column":4},"end":{"line":49,"column":null}},"13":{"start":{"line":46,"column":21},"end":{"line":46,"column":null}},"14":{"start":{"line":47,"column":21},"end":{"line":47,"column":null}},"15":{"start":{"line":48,"column":6},"end":{"line":48,"column":null}},"16":{"start":{"line":52,"column":21},"end":{"line":52,"column":null}},"17":{"start":{"line":53,"column":18},"end":{"line":53,"column":null}},"18":{"start":{"line":53,"column":36},"end":{"line":53,"column":53}},"19":{"start":{"line":56,"column":23},"end":{"line":61,"column":null}},"20":{"start":{"line":57,"column":24},"end":{"line":57,"column":null}},"21":{"start":{"line":58,"column":4},"end":{"line":60,"column":null}},"22":{"start":{"line":59,"column":6},"end":{"line":59,"column":null}},"23":{"start":{"line":64,"column":22},"end":{"line":69,"column":null}},"24":{"start":{"line":65,"column":26},"end":{"line":65,"column":null}},"25":{"start":{"line":66,"column":4},"end":{"line":68,"column":null}},"26":{"start":{"line":67,"column":6},"end":{"line":67,"column":null}},"27":{"start":{"line":72,"column":30},"end":{"line":81,"column":null}},"28":{"start":{"line":74,"column":4},"end":{"line":80,"column":null}},"29":{"start":{"line":75,"column":6},"end":{"line":75,"column":null}},"30":{"start":{"line":76,"column":6},"end":{"line":76,"column":null}},"31":{"start":{"line":79,"column":6},"end":{"line":79,"column":null}},"32":{"start":{"line":84,"column":33},"end":{"line":88,"column":null}},"33":{"start":{"line":85,"column":4},"end":{"line":85,"column":null}},"34":{"start":{"line":86,"column":4},"end":{"line":86,"column":null}},"35":{"start":{"line":87,"column":4},"end":{"line":87,"column":null}},"36":{"start":{"line":91,"column":33},"end":{"line":93,"column":null}},"37":{"start":{"line":92,"column":4},"end":{"line":92,"column":null}},"38":{"start":{"line":95,"column":2},"end":{"line":269,"column":null}},"39":{"start":{"line":103,"column":16},"end":{"line":108,"column":null}},"40":{"start":{"line":113,"column":31},"end":{"line":113,"column":null}},"41":{"start":{"line":152,"column":24},"end":{"line":158,"column":null}},"42":{"start":{"line":176,"column":43},"end":{"line":176,"column":null}}},"fnMap":{"0":{"name":"(anonymous_0)","decl":{"start":{"line":10,"column":16},"end":{"line":10,"column":17}},"loc":{"start":{"line":28,"column":6},"end":{"line":271,"column":null}},"line":28},"1":{"name":"(anonymous_1)","decl":{"start":{"line":32,"column":24},"end":{"line":32,"column":30}},"loc":{"start":{"line":32,"column":30},"end":{"line":50,"column":null}},"line":32},"2":{"name":"(anonymous_2)","decl":{"start":{"line":33,"column":38},"end":{"line":33,"column":43}},"loc":{"start":{"line":33,"column":43},"end":{"line":33,"column":47}},"line":33},"3":{"name":"(anonymous_3)","decl":{"start":{"line":36,"column":25},"end":{"line":36,"column":26}},"loc":{"start":{"line":36,"column":40},"end":{"line":38,"column":5}},"line":36},"4":{"name":"(anonymous_4)","decl":{"start":{"line":43,"column":37},"end":{"line":43,"column":45}},"loc":{"start":{"line":43,"column":45},"end":{"line":43,"column":62}},"line":43},"5":{"name":"(anonymous_5)","decl":{"start":{"line":45,"column":29},"end":{"line":45,"column":30}},"loc":{"start":{"line":45,"column":39},"end":{"line":49,"column":5}},"line":45},"6":{"name":"(anonymous_6)","decl":{"start":{"line":53,"column":28},"end":{"line":53,"column":36}},"loc":{"start":{"line":53,"column":36},"end":{"line":53,"column":53}},"line":53},"7":{"name":"(anonymous_7)","decl":{"start":{"line":56,"column":23},"end":{"line":56,"column":29}},"loc":{"start":{"line":56,"column":29},"end":{"line":61,"column":null}},"line":56},"8":{"name":"(anonymous_8)","decl":{"start":{"line":64,"column":22},"end":{"line":64,"column":28}},"loc":{"start":{"line":64,"column":28},"end":{"line":69,"column":null}},"line":64},"9":{"name":"(anonymous_9)","decl":{"start":{"line":72,"column":30},"end":{"line":72,"column":36}},"loc":{"start":{"line":72,"column":36},"end":{"line":81,"column":null}},"line":72},"10":{"name":"(anonymous_10)","decl":{"start":{"line":84,"column":33},"end":{"line":84,"column":39}},"loc":{"start":{"line":84,"column":39},"end":{"line":88,"column":null}},"line":84},"11":{"name":"(anonymous_11)","decl":{"start":{"line":91,"column":33},"end":{"line":91,"column":39}},"loc":{"start":{"line":91,"column":39},"end":{"line":93,"column":null}},"line":91},"12":{"name":"(anonymous_12)","decl":{"start":{"line":102,"column":28},"end":{"line":102,"column":null}},"loc":{"start":{"line":103,"column":16},"end":{"line":108,"column":null}},"line":103},"13":{"name":"(anonymous_13)","decl":{"start":{"line":113,"column":25},"end":{"line":113,"column":31}},"loc":{"start":{"line":113,"column":31},"end":{"line":113,"column":null}},"line":113},"14":{"name":"(anonymous_14)","decl":{"start":{"line":151,"column":38},"end":{"line":151,"column":null}},"loc":{"start":{"line":152,"column":24},"end":{"line":158,"column":null}},"line":152}
[...]
,"/Users/ondrej/dev/www/point-of-sale-app/src/hooks/useSyncManager.js": {"path":"/Users/ondrej/dev/www/point-of-sale-app/src/hooks/useSyncManager.js","statementMap":{"0":{"start":{"line":14,"column":20},"end":{"line":14,"column":21}},"1":{"start":{"line":19,"column":30},"end":{"line":213,"column":1}},"2":{"start":{"line":20,"column":35},"end":{"line":20,"column":51}},"3":{"start":{"line":21,"column":35},"end":{"line":21,"column":50}},"4":{"start":{"line":22,"column":41},"end":{"line":22,"column":75}},"5":{"start":{"line":22,"column":56},"end":{"line":22,"column":74}},"6":{"start":{"line":27,"column":1},"end":{"line":39,"column":null}},"7":{"start":{"line":28,"column":31},"end":{"line":30,"column":5}},"8":{"start":{"line":29,"column":6},"end":{"line":29,"column":null}},"9":{"start":{"line":33,"column":4},"end":{"line":33,"column":null}},"10":{"start":{"line":36,"column":21},"end":{"line":36,"column":58}},"11":{"start":{"line":38,"column":4},"end":{"line":38,"column":null}},"12":{"start":{"line":38,"column":17},"end":{"line":38,"column":40}},"13":{"start":{"line":44,"column":26},"end":{"line":133,"column":8}},"14":{"start":{"line":45,"column":4},"end":{"line":132,"column":null}},"15":{"start":{"line":46,"column":6},"end":{"line":120,"column":null}},"16":{"start":{"line":49,"column":24},"end":{"line":49,"column":41}},"17":{"start":{"line":51,"column":10},"end":{"line":61,"column":null}},"18":{"start":{"line":53,"column":29},"end":{"line":57,"column":23}},"19":{"start":{"line":59,"column":31},"end":{"line":59,"column":85}},"20":{"start":{"line":60,"column":12},"end":{"line":60,"column":null}},"21":{"start":{"line":63,"column":28},"end":{"line":65,"column":30}},"22":{"start":{"line":67,"column":10},"end":{"line":67,"column":null}},"23":{"start":{"line":67,"column":21},"end":{"line":67,"column":null}},"24":{"start":{"line":70,"column":9},"end":{"line":70,"column":null}},"25":{"start":{"line":71,"column":10},"end":{"line":71,"column":null}},"26":{"start":{"line":76,"column":28},"end":{"line":79,"column":43}},"27":{"start":{"line":81,"column":10},"end":{"line":81,"column":null}},"28":{"start":{"line":81,"column":21},"end":{"line":81,"column":null}},"29":{"start":{"line":82,"column":10},"end":{"line":82,"column":null}},"30":{"start":{"line":87,"column":28},"end":{"line":90,"column":43}},"31":{"start":{"line":92,"column":10},"end":{"line":92,"column":null}},"32":{"start":{"line":92,"column":21},"end":{"line":92,"column":null}},"33":{"start":{"line":93,"column":10},"end":{"line":93,"column":null}},"34":{"start":{"line":98,"column":28},"end":{"line":101,"column":43}},"35":{"start":{"line":103,"column":10},"end":{"line":103,"column":null}},"36":{"start":{"line":103,"column":21},"end":{"line":103,"column":null}},"37":{"start":{"line":104,"column":10},"end":{"line":104,"column":null}},"38":{"start":{"line":109,"column":28},"end":{"line":112,"column":43}},"39":{"start":{"line":114,"column":10},"end":{"line":114,"column":null}},"40":{"start":{"line":114,"column":21},"end":{"line":114,"column":null}},"41":{"start":{"line":115,"column":10},"end":{"line":115,"column":null}},"42":{"start":{"line":119,"column":10},"end":{"line":119,"column":null}},"43":{"start":{"line":123,"column":5},"end":{"line":123,"column":null}},"44":{"start":{"line":124,"column":6},"end":{"line":124,"column":null}},"45":{"start":{"line":126,"column":6},"end":{"line":126,"column":null}},"46":{"start":{"line":129,"column":5},"end":{"line":129,"column":null}},"47":{"start":{"line":131,"column":6},"end":{"line":131,"column":null}},"48":{"start":{"line":138,"column":31},"end":{"line":205,"column":51}},"49":{"start":{"line":139,"column":4},"end":{"line":142,"column":null}},"50":{"start":{"line":140,"column":6},"end":{"line":140,"column":null}},"51":{"start":{"line":141,"column":6},"end":{"line":141,"column":null}},"52":{"start":{"line":144,"column":4},"end":{"line":144,"column":null}},"53":{"start":{"line":145,"column":4},"end":{"line":145,"column":null}},"54":{"start":{"line":147,"column":4},"end":{"line":204,"column":null}},"55":{"start":{"line":149,"column":19},"end":{"line":149,"column":38}},"56":{"start":{"line":151,"column":6},"end":{"line":155,"column":null}},"57":{"start":{"line":152,"column":8},"end":{"line":152,"column":null}},"58":{"start":{"line":153,"column":8},"end":{"line":153,"column":null}},"59":{"start":{"line":154,"column":8},"end":{"line":154,"column":null}},"60":{"start":{"line":157,"column":6},"end":{"line":157,"column":null}},"61":{"start":{"line":160,"column":6},"end":{"line":180,"column":null}},"62":{"start":{"line":162,"column":8},"end":{"line":169,"column":null}},"63":{"start":{"line":163,"column":10},"end":{"line":166,"column":null}},"64":{"start":{"line":167,"column":9},"end":{"line":167,"column":null}},"65":{"start":{"line":168,"column":10},"end":{"line":168,"column":null}},"66":{"start":{"line":171,"column":8},"end":{"line":171,"column":null}},"67":{"start":{"line":172,"column":24},"end":{"line":172,"column":57}},"68":{"start":{"line":174,"column":8},"end":{"line":179,"column":null}},"69":{"start":{"line":175,"column":10},"end":{"line":175,"column":null}},"70":{"start":{"line":178,"column":10},"end":{"line":178,"column":null}},"71":{"start":{"line":183,"column":28},"end":{"line":183,"column":47}},"72":{"start":{"line":184,"column":6},"end":{"line":189,"column":null}},"73":{"start":{"line":185,"column":7},"end":{"line":185,"column":null}},"74":{"start":{"line":186,"column":8},"end":{"line":186,"column":null}},"75":{"start":{"line":188,"column":8},"end":{"line":188,"column":null}},"76":{"start":{"line":192,"column":6},"end":{"line":192,"column":null}},"77":{"start":{"line":195,"column":6},"end":{"line":198,"column":null}},"78":{"start":{"line":196,"column":8},"end":{"line":196,"column":null}},"79":{"start":{"line":197,"column":8},"end":{"line":197,"column":null}},"80":{"start":{"line":200,"column":6},"end":{"line":200,"column":null}},"81":{"start":{"line":201,"column":6},"end":{"line":201,"column":null}},"82":{"start":{"line":203,"column":6},"end":{"line":203,"column":null}},"83":{"start":{"line":207,"column":2},"end":{"line":212,"column":null}}},"fnMap":{"0":{"name":"(anonymous_0)","decl":{"start":{"line":19,"column":30},"end":{"line":19,"column":31}},"loc":{"start":{"line":19,"column":50},"end":{"line":213,"column":1}},"line":19},"1":{"name":"(anonymous_1)","decl":{"start":{"line":22,"column":51},"end":{"line":22,"column":52}},"loc":{"start":{"line":22,"column":56},"end":{"line":22,"column":74}},"line":22},"2":{"name":"(anonymous_2)","decl":{"start":{"line":27,"column":12},"end":{"line":27,"column":13}},"loc":{"start":{"line":27,"column":18},"end":{"line":39,"column":3}},"line":27},"3":{"name":"(anonymous_3)","decl":{"start":{"line":28,"column":31},"end":{"line":28,"column":32}},"loc":{"start":{"line":28,"column":37},"end":{"line":30,"column":5}},"line":28},"4":{"name":"(anonymous_4)","decl":{"start":{"line":38,"column":11},"end":{"line":38,"column":12}},"loc":{"start":{"line":38,"column":17},"end":{"line":38,"column":40}},"line":38},"5":{"name":"(anonymous_5)","decl":{"start":{"line":44,"column":39},"end":{"line":44,"column":44}},"loc":{"start":{"line":44,"column":60},"end":{"line":133,"column":3}},"line":44},"6":{"name":"(anonymous_6)","decl":{"start":{"line":138,"column":44},"end":{"line":138,"column":49}},"loc":{"start":{"line":138,"column":56},"end":{"line":205,"column":3}},"line":138}},"branchMap":{"0":{"loc":{"start":{"line":46,"column":6},"end":{"line":120,"column":null}},"type":"switch","locations":[{"start":{"line":47,"column":8},"end":{"line":72,"column":null}},{"start":{"line":74,"column":8},"end":{"line":83,"column":null}},{"start":{"line":85,"column":8},"end":{"line":94,"column":null}},{"start":{"line":96,"column":8},"end":{"line":105,"column":null}},{"start":{"line":107,"column":8},"end":{"line":116,"column":null}},{"start":{"line":118,"column":8},"end":{"line":119,"column":null}}],"line":46},"1":{"loc":{"start":{"line":51,"column":10},"end":{"line":61,"column":null}},"type":"if","locations":[{"start":{"line":51,"column":10},"end":{"line":61,"column":null}},{"start":{},"end":{}}],"line":51},"2":{"loc":{"start":{"line":59,"column":31},"end":{"line":59,"column":85}},"type":"cond-expr","locations":[{"start":{"line":59,"column":57},"end":{"line":59,"column":81}},{"start":{"line":59,"column":84},"end":{"line":59,"column":85}}],"line":59},"3":{"loc":{"start":{"line":67,"column":10},"end":{"line":67,"column":null}},"type":"if","locations":[{"start":{"line":67,"column":10},"end":{"line":67,"column":null}},{"start":{},"end":{}}],"line":67},"4":{"loc":{"start":{"line":81,"column":10},"end":{"line":81,"column":null}},"type":"if","locations":[{"start":{"line":81,"column":10},"end":{"line":81,"column":null}},{"start":{},"end":{}}],"line":81},"5":{"loc":{"start":{"line":92,"column":10},"end":{"line":92,"column":null}},"type":"if","locations":[{"start":{"line":92,"column":10},"end":{"line":92,"column":null}},{"start":{},"end":{}}],"line":92},"6":{"loc":{"start":{"line":103,"column":10},"end":{"line":103,"column":null}},"type":"if","locations":[{"start":{"line":103,"column":10},"end":{"line":103,"column":null}},{"start":{},"end":{}}],"line":103},"7":{"loc":{"start":{"line":114,"column":10},"end":{"line":114,"column":null}},"type":"if","locations":[{"start":{"line":114,"column":10},"end":{"line":114,"column":null}},{"start":{},"end":{}}],"line":114},"8":{"loc":{"start":{"line":139,"column":4},"end":{"line":142,"column":null}},"type":"if","locations":[{"start":{"line":139,"column":4},"end":{"line":142,"column":null}},{"start":{},"end":{}}],"line":139},"9":{"loc":{"start":{"line":151,"column":6},"end":{"line":155,"column":null}},"type":"if","locations":[{"start":{"line":151,"column":6},"end":{"line":155,"column":null}},{"start":{},"end":{}}],"line":151},"10":{"loc":{"start":{"line":162,"column":8},"end":{"line":169,"column":null}},"type":"if","locations":[{"start":{"line":162,"column":8},"end":{"line":169,"column":null}},{"start":{},"end":{}}],"line":162},"11":{"loc":{"start":{"line":174,"column":8},"end":{"line":179,"column":null}},"type":"if","locations":[{"start":{"line":174,"column":8},"end":{"line":179,"column":null}},{"start":{"line":177,"column":15},"end":{"line":179,"column":null}}],"line":174},"12":{"loc":{"start":{"line":184,"column":6},"end":{"line":189,"column":null}},"type":"if","locations":[{"start":{"line":184,"column":6},"end":{"line":189,"column":null}},{"start":{"line":187,"column":13},"end":{"line":189,"column":null}}],"line":184},"13":{"loc":{"start":{"line":195,"column":6},"end":{"line":198,"column":null}},"type":"if","locations":[{"start":{"line":195,"column":6},"end":{"line":198,"column":null}},{"start":{},"end":{}}],"line":195}},"s":{"0":0,"1":0,"2":0,"3":0,"4":0,"5":0,"6":0,"7":0,"8":0,"9":0,"10":0,"11":0,"12":0,"13":0,"14":0,"15":0,"16":0,"17":0,"18":0,"19":0,"20":0,"21":0,"22":0,"23":0,"24":0,"25":0,"26":0,"27":0,"28":0,"29":0,"30":0,"31":0,"32":0,"33":0,"34":0,"35":0,"36":0,"37":0,"38":0,"39":0,"40":0,"41":0,"42":0,"43":0,"44":0,"45":0,"46":0,"47":0,"48":0,"49":0,"50":0,"51":0,"52":0,"53":0,"54":0,"55":0,"56":0,"57":0,"58":0,"59":0,"60":0,"61":0,"62":0,"63":0,"64":0,"65":0,"66":0,"67":0,"68":0,"69":0,"70":0,"71":0,"72":0,"73":0,"74":0,"75":0,"76":0,"77":0,"78":0,"79":0,"80":0,"81":0,"82":0,"83":0},"f":{"0":0,"1":0,"2":0,"3":0,"4":0,"5":0,"6":0},"b":{"0":[0,0,0,0,0,0],"1":[0,0],"2":[0,0],"3":[0,0],"4":[0,0],"5":[0,0],"6":[0,0],"7":[0,0],"8":[0,0],"9":[0,0],"10":[0,0],"11":[0,0],"12":[0,0],"13":[0,0]},"meta":{"lastBranch":14,"lastFunction":7,"lastStatement":84,"seen":{"s:14:20:14:21":0,"s:19:30:213:1":1,"f:19:30:19:31":0,"s:20:35:20:51":2,"s:21:35:21:50":3,"s:22:41:22:75":4,"f:22:51:22:52":1,"s:22:56:22:74":5,"s:27:1:39:Infinity":6,"f:27:12:27:13":2,"s:28:31:30:5":7,"f:28:31:28:32":3,"s:29:6:29:Infinity":8,"s:33:4:33:Infinity":9,"s:36:21:36:58":10,"s:38:4:38:Infinity":11,"f:38:11:38:12":4,"s:38:17:38:40":12,"s:44:26:133:8":13,"f:44:39:44:44":5,"s:45:4:132:Infinity":14,"b:47:8:72:Infinity:74:8:83:Infinity:85:8:94:Infinity:96:8:105:Infinity:107:8:116:Infinity:118:8:119:Infinity":0,"s:46:6:120:Infinity":15,"s:49:24:49:41":16,"b:51:10:61:Infinity:undefined:undefined:undefined:undefined":1,"s:51:10:61:Infinity":17,"s:53:29:57:23":18,"s:59:31:59:85":19,"b:59:57:59:81:59:84:59:85":2,"s:60:12:60:Infinity":20,"s:63:28:65:30":21,"b:67:10:67:Infinity:undefined:undefined:undefined:undefined":3,"s:67:10:67:Infinity":22,"s:67:21:67:Infinity":23,"s:70:9:70:Infinity":24,"s:71:10:71:Infinity":25,"s:76:28:79:43":26,"b:81:10:81:Infinity:undefined:undefined:undefined:undefined":4,"s:81:10:81:Infinity":27,"s:81:21:81:Infinity":28,"s:82:10:82:Infinity":29,"s:87:28:90:43":30,"b:92:10:92:Infinity:undefined:undefined:undefined:undefined":5,"s:92:10:92:Infinity":31,"s:92:21:92:Infinity":32,"s:93:10:93:Infinity":33,"s:98:28:101:43":34,"b:103:10:103:Infinity:undefined:undefined:undefined:undefined":6,"s:103:10:103:Infinity":35,"s:103:21:103:Infinity":36,"s:104:10:104:Infinity":37,"s:109:28:112:43":38,"b:114:10:114:Infinity:undefined:undefined:undefined:undefined":7,"s:114:10:114:Infinity":39,"s:114:21:114:Infinity":40,"s:115:10:115:Infinity":41,"s:119:10:119:Infinity":42,"s:123:5:123:Infinity":43,"s:124:6:124:Infinity":44,"s:126:6:126:Infinity":45,"s:129:5:129:Infinity":46,"s:131:6:131:Infinity":47,"s:138:31:205:51":48,"f:138:44:138:49":6,"b:139:4:142:Infinity:undefined:undefined:undefined:undefined":8,"s:139:4:142:Infinity":49,"s:140:6:140:Infinity":50,"s:141:6:141:Infinity":51,"s:144:4:144:Infinity":52,"s:145:4:145:Infinity":53,"s:147:4:204:Infinity":54,"s:149:19:149:38":55,"b:151:6:155:Infinity:undefined:undefined:undefined:undefined":9,"s:151:6:155:Infinity":56,"s:152:8:152:Infinity":57,"s:153:8:153:Infinity":58,"s:154:8:154:Infinity":59,"s:157:6:157:Infinity":60,"s:160:6:180:Infinity":61,"b:162:8:169:Infinity:undefined:undefined:undefined:undefined":10,"s:162:8:169:Infinity":62,"s:163:10:166:Infinity":63,"s:167:9:167:Infinity":64,"s:168:10:168:Infinity":65,"s:171:8:171:Infinity":66,"s:172:24:172:57":67,"b:174:8:179:Infinity:177:15:179:Infinity":11,"s:174:8:179:Infinity":68,"s:175:10:175:Infinity":69,"s:178:10:178:Infinity":70,"s:183:28:183:47":71,"b:184:6:189:Infinity:187:13:189:Infinity":12,"s:184:6:189:Infinity":72,"s:185:7:185:Infinity":73,"s:186:8:186:Infinity":74,"s:188:8:188:Infinity":75,"s:192:6:192:Infinity":76,"b:195:6:198:Infinity:undefined:undefined:undefined:undefined":13,"s:195:6:198:Infinity":77,"s:196:8:196:Infinity":78,"s:197:8:197:Infinity":79,"s:200:6:200:Infinity":80,"s:201:6:201:Infinity":81,"s:203:6:203:Infinity":82,"s:207:2:212:Infinity":83}}}
,"/Users/ondrej/dev/www/point-of-sale-app/src/hooks/useWakeLock.js": {"path":"/Users/ondrej/dev/www/point-of-sale-app/src/hooks/useWakeLock.js","statementMap":{"0":{"start":{"line":3,"column":27},"end":{"line":53,"column":1}},"1":{"start":{"line":4,"column":21},"end":{"line":4,"column":34}},"2":{"start":{"line":6,"column":26},"end":{"line":19,"column":3}},"3":{"start":{"line":7,"column":4},"end":{"line":18,"column":null}},"4":{"start":{"line":8,"column":6},"end":{"line":15,"column":null}},"5":{"start":{"line":9,"column":8},"end":{"line":9,"column":null}},"6":{"start":{"line":10,"column":8},"end":{"line":10,"column":null}},"7":{"start":{"line":12,"column":8},"end":{"line":14,"column":null}},"8":{"start":{"line":13,"column":10},"end":{"line":13,"column":null}},"9":{"start":{"line":17,"column":6},"end":{"line":17,"column":null}},"10":{"start":{"line":21,"column":26},"end":{"line":30,"column":3}},"11":{"start":{"line":22,"column":4},"end":{"line":29,"column":null}},"12":{"start":{"line":23,"column":6},"end":{"line":28,"column":null}},"13":{"start":{"line":24,"column":8},"end":{"line":24,"column":null}},"14":{"start":{"line":25,"column":8},"end":{"line":25,"column":null}},"15":{"start":{"line":27,"column":8},"end":{"line":27,"column":null}},"16":{"start":{"line":32,"column":1},"end":{"line":50,"column":null}},"17":{"start":{"line":34,"column":4},"end":{"line":34,"column":null}},"18":{"start":{"line":37,"column":35},"end":{"line":41,"column":5}},"19":{"start":{"line":38,"column":6},"end":{"line":40,"column":null}},"20":{"start":{"line":39,"column":8},"end":{"line":39,"column":null}},"21":{"start":{"line":43,"column":4},"end":{"line":43,"column":null}},"22":{"start":{"line":46,"column":4},"end":{"line":49,"column":null}},"23":{"start":{"line":47,"column":6},"end":{"line":47,"column":null}},"24":{"start":{"line":48,"column":6},"end":{"line":48,"column":null}},"25":{"start":{"line":52,"column":2},"end":{"line":52,"column":null}}},"fnMap":{"0":{"name":"(anonymous_0)","decl":{"start":{"line":3,"column":27},"end":{"line":3,"column":28}},"loc":{"start":{"line":3,"column":33},"end":{"line":53,"column":1}},"line":3},"1":{"name":"(anonymous_1)","decl":{"start":{"line":6,"column":26},"end":{"line":6,"column":31}},"loc":{"start":{"line":6,"column":38},"end":{"line":19,"column":3}},"line":6},"2":{"name":"(anonymous_2)","decl":{"start":{"line":12,"column":56},"end":{"line":12,"column":57}},"loc":{"start":{"line":12,"column":62},"end":{"line":14,"column":9}},"line":12},"3":{"name":"(anonymous_3)","decl":{"start":{"line":21,"column":26},"end":{"line":21,"column":31}},"loc":{"start":{"line":21,"column":38},"end":{"line":30,"column":3}},"line":21},"4":{"name":"(anonymous_4)","decl":{"start":{"line":32,"column":12},"end":{"line":32,"column":13}},"loc":{"start":{"line":32,"column":18},"end":{"line":50,"column":3}},"line":32},"5":{"name":"(anonymous_5)","decl":{"start":{"line":37,"column":35},"end":{"line":37,"column":36}},"loc":{"start":{"line":37,"column":41},"end":{"line":41,"column":5}},"line":37},"6":{"name":"(anonymous_6)","decl":{"start":{"line":46,"column":11},"end":{"line":46,"column":12}},"loc":{"start":{"line":46,"column":17},"end":{"line":49,"column":5}},"line":46}},"branchMap":{"0":{"loc":{"start":{"line":8,"column":6},"end":{"line":15,"column":null}},"type":"if","locations":[{"start":{"line":8,"column":6},"end":{"line":15,"column":null}},{"start":{},"end":{}}],"line":8},"1":{"loc":{"start":{"line":22,"column":4},"end":{"line":29,"column":null}},"type":"if","locations":[{"start":{"line":22,"column":4},"end":{"line":29,"column":null}},{"start":{},"end":{}}],"line":22},"2":{"loc":{"start":{"line":38,"column":6},"end":{"line":40,"column":null}},"type":"if","locations":[{"start":{"line":38,"column":6},"end":{"line":40,"column":null}},{"start":{},"end":{}}],"line":38}},"s":{"0":0,"1":0,"2":0,"3":0,"4":0,"5":0,"6":0,"7":0,"8":0,"9":0,"10":0,"11":0,"12":0,"13":0,"14":0,"15":0,"16":0,"17":0,"18":0,"19":0,"20":0,"21":0,"22":0,"23":0,"24":0,"25":0},"f":{"0":0,"1":0,"2":0,"3":0,"4":0,"5":0,"6":0},"b":{"0":[0,0],"1":[0,0],"2":[0,0]},"meta":{"lastBranch":3,"lastFunction":7,"lastStatement":26,"seen":{"s:3:27:53:1":0,"f:3:27:3:28":0,"s:4:21:4:34":1,"s:6:26:19:3":2,"f:6:26:6:31":1,"s:7:4:18:Infinity":3,"b:8:6:15:Infinity:undefined:undefined:undefined:undefined":0,"s:8:6:15:Infinity":4,"s:9:8:9:Infinity":5,"s:10:8:10:Infinity":6,"s:12:8:14:Infinity":7,"f:12:56:12:57":2,"s:13:10:13:Infinity":8,"s:17:6:17:Infinity":9,"s:21:26:30:3":10,"f:21:26:21:31":3,"b:22:4:29:Infinity:undefined:undefined:undefined:undefined":1,"s:22:4:29:Infinity":11,"s:23:6:28:Infinity":12,"s:24:8:24:Infinity":13,"s:25:8:25:Infinity":14,"s:27:8:27:Infinity":15,"s:32:1:50:Infinity":16,"f:32:12:32:13":4,"s:34:4:34:Infinity":17,"s:37:35:41:5":18,"f:37:35:37:36":5,"b:38:6:40:Infinity:undefined:undefined:undefined:undefined":2,"s:38:6:40:Infinity":19,"s:39:8:39:Infinity":20,"s:43:4:43:Infinity":21,"s:46:4:49:Infinity":22,"f:46:11:46:12":6,"s:47:6:47:Infinity":23,"s:48:6:48:Infinity":24,"s:52:2:52:Infinity":25}}}
}
